{"meta": {"format": 3, "version": "7.13.5", "timestamp": "2026-04-21T15:07:31.632073", "branch_coverage": false, "show_contexts": false}, "files": {"core/errors/__init__.py": {"executed_lines": [2, 3, 14, 34, 42], "summary": {"covered_lines": 5, "num_statements": 5, "percent_covered": 100.0, "percent_covered_display": "100.00", "missing_lines": 0, "excluded_lines": 0, "percent_statements_covered": 100.0, "percent_statements_covered_display": "100.00"}, "missing_lines": [], "excluded_lines": [], "functions": {"": {"executed_lines": [2, 3, 14, 34, 42], "summary": {"covered_lines": 5, "num_statements": 5, "percent_covered": 100.0, "percent_covered_display": "100.00", "missing_lines": 0, "excluded_lines": 0, "percent_statements_covered": 100.0, "percent_statements_covered_display": "100.00"}, "missing_lines": [], "excluded_lines": [], "start_line": 1}}, "classes": {"": {"executed_lines": [2, 3, 14, 34, 42], "summary": {"covered_lines": 5, "num_statements": 5, "percent_covered": 100.0, "percent_covered_display": "100.00", "missing_lines": 0, "excluded_lines": 0, "percent_statements_covered": 100.0, "percent_statements_covered_display": "100.00"}, "missing_lines": [], "excluded_lines": [], "start_line": 1}}}, "core/errors/error_handler.py": {"executed_lines": [], "summary": {"covered_lines": 0, "num_statements": 173, "percent_covered": 0.0, "percent_covered_display": "0.00", "missing_lines": 173, "excluded_lines": 0, "percent_statements_covered": 0.0, "percent_statements_covered_display": "0.00"}, "missing_lines": [2, 3, 10, 11, 12, 13, 14, 15, 16, 17, 19, 27, 31, 32, 33, 36, 37, 40, 41, 42, 45, 46, 49, 50, 53, 54, 57, 65, 68, 84, 85, 86, 87, 88, 90, 92, 94, 107, 110, 111, 112, 113, 114, 115, 117, 120, 123, 124, 131, 134, 135, 138, 141, 142, 145, 148, 149, 150, 151, 153, 158, 161, 162, 163, 164, 166, 174, 175, 178, 179, 180, 181, 182, 183, 191, 219, 220, 222, 223, 224, 225, 227, 228, 229, 231, 232, 235, 236, 237, 240, 243, 244, 246, 248, 254, 257, 259, 261, 264, 276, 283, 285, 307, 309, 310, 311, 313, 314, 317, 318, 321, 324, 330, 331, 333, 336, 337, 338, 339, 340, 342, 348, 351, 352, 360, 376, 383, 385, 399, 400, 403, 404, 407, 410, 411, 414, 415, 418, 420, 422, 432, 435, 436, 437, 438, 439, 440, 441, 442, 443, 444, 446, 448, 455, 458, 463, 465, 467, 477, 494, 495, 496, 497, 498, 499, 500, 501, 503, 504, 506, 508, 510, 517], "excluded_lines": [], "functions": {"AthenaError.__init__": {"executed_lines": [], "summary": {"covered_lines": 0, "num_statements": 6, "percent_covered": 0.0, "percent_covered_display": "0.00", "missing_lines": 6, "excluded_lines": 0, "percent_statements_covered": 0.0, "percent_statements_covered_display": "0.00"}, "missing_lines": [84, 85, 86, 87, 88, 90], "excluded_lines": [], "start_line": 68}, "AthenaError.to_dict": {"executed_lines": [], "summary": {"covered_lines": 0, "num_statements": 1, "percent_covered": 0.0, "percent_covered_display": "0.00", "missing_lines": 1, "excluded_lines": 0, "percent_statements_covered": 0.0, "percent_statements_covered_display": "0.00"}, "missing_lines": [94], "excluded_lines": [], "start_line": 92}, "ValidationError.__init__": {"executed_lines": [], "summary": {"covered_lines": 0, "num_statements": 6, "percent_covered": 0.0, "percent_covered_display": "0.00", "missing_lines": 6, "excluded_lines": 0, "percent_statements_covered": 0.0, "percent_statements_covered_display": "0.00"}, "missing_lines": [111, 112, 113, 114, 115, 117], "excluded_lines": [], "start_line": 110}, "NotFoundError.__init__": {"executed_lines": [], "summary": {"covered_lines": 0, "num_statements": 1, "percent_covered": 0.0, "percent_covered_display": "0.00", "missing_lines": 1, "excluded_lines": 0, "percent_statements_covered": 0.0, "percent_statements_covered_display": "0.00"}, "missing_lines": [124], "excluded_lines": [], "start_line": 123}, "AuthenticationError.__init__": {"executed_lines": [], "summary": {"covered_lines": 0, "num_statements": 1, "percent_covered": 0.0, "percent_covered_display": "0.00", "missing_lines": 1, "excluded_lines": 0, "percent_statements_covered": 0.0, "percent_statements_covered_display": "0.00"}, "missing_lines": [135], "excluded_lines": [], "start_line": 134}, "AuthorizationError.__init__": {"executed_lines": [], "summary": {"covered_lines": 0, "num_statements": 1, "percent_covered": 0.0, "percent_covered_display": "0.00", "missing_lines": 1, "excluded_lines": 0, "percent_statements_covered": 0.0, "percent_statements_covered_display": "0.00"}, "missing_lines": [142], "excluded_lines": [], "start_line": 141}, "ExternalServiceError.__init__": {"executed_lines": [], "summary": {"covered_lines": 0, "num_statements": 4, "percent_covered": 0.0, "percent_covered_display": "0.00", "missing_lines": 4, "excluded_lines": 0, "percent_statements_covered": 0.0, "percent_statements_covered_display": "0.00"}, "missing_lines": [149, 150, 151, 153], "excluded_lines": [], "start_line": 148}, "RateLimitError.__init__": {"executed_lines": [], "summary": {"covered_lines": 0, "num_statements": 4, "percent_covered": 0.0, "percent_covered_display": "0.00", "missing_lines": 4, "excluded_lines": 0, "percent_statements_covered": 0.0, "percent_statements_covered_display": "0.00"}, "missing_lines": [162, 163, 164, 166], "excluded_lines": [], "start_line": 161}, "retry": {"executed_lines": [], "summary": {"covered_lines": 0, "num_statements": 5, "percent_covered": 0.0, "percent_covered_display": "0.00", "missing_lines": 5, "excluded_lines": 0, "percent_statements_covered": 0.0, "percent_statements_covered_display": "0.00"}, "missing_lines": [219, 220, 222, 223, 261], "excluded_lines": [], "start_line": 191}, "retry.decorator": {"executed_lines": [], "summary": {"covered_lines": 0, "num_statements": 2, "percent_covered": 0.0, "percent_covered_display": "0.00", "missing_lines": 2, "excluded_lines": 0, "percent_statements_covered": 0.0, "percent_statements_covered_display": "0.00"}, "missing_lines": [224, 259], "excluded_lines": [], "start_line": 222}, "retry.decorator.wrapper": {"executed_lines": [], "summary": {"covered_lines": 0, "num_statements": 16, "percent_covered": 0.0, "percent_covered_display": "0.00", "missing_lines": 16, "excluded_lines": 0, "percent_statements_covered": 0.0, "percent_statements_covered_display": "0.00"}, "missing_lines": [225, 227, 228, 229, 231, 232, 235, 236, 237, 240, 243, 244, 246, 248, 254, 257], "excluded_lines": [], "start_line": 224}, "RetryManager.__init__": {"executed_lines": [], "summary": {"covered_lines": 0, "num_statements": 1, "percent_covered": 0.0, "percent_covered_display": "0.00", "missing_lines": 1, "excluded_lines": 0, "percent_statements_covered": 0.0, "percent_statements_covered_display": "0.00"}, "missing_lines": [283], "excluded_lines": [], "start_line": 276}, "RetryManager.execute": {"executed_lines": [], "summary": {"covered_lines": 0, "num_statements": 22, "percent_covered": 0.0, "percent_covered_display": "0.00", "missing_lines": 22, "excluded_lines": 0, "percent_statements_covered": 0.0, "percent_statements_covered_display": "0.00"}, "missing_lines": [307, 309, 310, 311, 313, 314, 317, 318, 321, 324, 330, 331, 333, 336, 337, 338, 339, 340, 342, 348, 351, 352], "excluded_lines": [], "start_line": 285}, "ErrorHandler.__init__": {"executed_lines": [], "summary": {"covered_lines": 0, "num_statements": 1, "percent_covered": 0.0, "percent_covered_display": "0.00", "missing_lines": 1, "excluded_lines": 0, "percent_statements_covered": 0.0, "percent_statements_covered_display": "0.00"}, "missing_lines": [383], "excluded_lines": [], "start_line": 376}, "ErrorHandler.handle_error": {"executed_lines": [], "summary": {"covered_lines": 0, "num_statements": 11, "percent_covered": 0.0, "percent_covered_display": "0.00", "missing_lines": 11, "excluded_lines": 0, "percent_statements_covered": 0.0, "percent_statements_covered_display": "0.00"}, "missing_lines": [399, 400, 403, 404, 407, 410, 411, 414, 415, 418, 420], "excluded_lines": [], "start_line": 385}, "ErrorHandler._classify_error": {"executed_lines": [], "summary": {"covered_lines": 0, "num_statements": 12, "percent_covered": 0.0, "percent_covered_display": "0.00", "missing_lines": 12, "excluded_lines": 0, "percent_statements_covered": 0.0, "percent_statements_covered_display": "0.00"}, "missing_lines": [432, 435, 436, 437, 438, 439, 440, 441, 442, 443, 444, 446], "excluded_lines": [], "start_line": 422}, "ErrorHandler._log_error": {"executed_lines": [], "summary": {"covered_lines": 0, "num_statements": 5, "percent_covered": 0.0, "percent_covered_display": "0.00", "missing_lines": 5, "excluded_lines": 0, "percent_statements_covered": 0.0, "percent_statements_covered_display": "0.00"}, "missing_lines": [455, 458, 463, 465, 467], "excluded_lines": [], "start_line": 448}, "handle_errors": {"executed_lines": [], "summary": {"covered_lines": 0, "num_statements": 3, "percent_covered": 0.0, "percent_covered_display": "0.00", "missing_lines": 3, "excluded_lines": 0, "percent_statements_covered": 0.0, "percent_statements_covered_display": "0.00"}, "missing_lines": [494, 495, 510], "excluded_lines": [], "start_line": 477}, "handle_errors.decorator": {"executed_lines": [], "summary": {"covered_lines": 0, "num_statements": 2, "percent_covered": 0.0, "percent_covered_display": "0.00", "missing_lines": 2, "excluded_lines": 0, "percent_statements_covered": 0.0, "percent_statements_covered_display": "0.00"}, "missing_lines": [496, 508], "excluded_lines": [], "start_line": 494}, "handle_errors.decorator.wrapper": {"executed_lines": [], "summary": {"covered_lines": 0, "num_statements": 8, "percent_covered": 0.0, "percent_covered_display": "0.00", "missing_lines": 8, "excluded_lines": 0, "percent_statements_covered": 0.0, "percent_statements_covered_display": "0.00"}, "missing_lines": [497, 498, 499, 500, 501, 503, 504, 506], "excluded_lines": [], "start_line": 496}, "": {"executed_lines": [], "summary": {"covered_lines": 0, "num_statements": 61, "percent_covered": 0.0, "percent_covered_display": "0.00", "missing_lines": 61, "excluded_lines": 0, "percent_statements_covered": 0.0, "percent_statements_covered_display": "0.00"}, "missing_lines": [2, 3, 10, 11, 12, 13, 14, 15, 16, 17, 19, 27, 31, 32, 33, 36, 37, 40, 41, 42, 45, 46, 49, 50, 53, 54, 57, 65, 68, 92, 107, 110, 120, 123, 131, 134, 138, 141, 145, 148, 158, 161, 174, 175, 178, 179, 180, 181, 182, 183, 191, 264, 276, 285, 360, 376, 385, 422, 448, 477, 517], "excluded_lines": [], "start_line": 1}}, "classes": {"ErrorType": {"executed_lines": [], "summary": {"covered_lines": 0, "num_statements": 0, "percent_covered": 100.0, "percent_covered_display": "100.00", "missing_lines": 0, "excluded_lines": 0, "percent_statements_covered": 100.0, "percent_statements_covered_display": "100.00"}, "missing_lines": [], "excluded_lines": [], "start_line": 27}, "AthenaError": {"executed_lines": [], "summary": {"covered_lines": 0, "num_statements": 7, "percent_covered": 0.0, "percent_covered_display": "0.00", "missing_lines": 7, "excluded_lines": 0, "percent_statements_covered": 0.0, "percent_statements_covered_display": "0.00"}, "missing_lines": [84, 85, 86, 87, 88, 90, 94], "excluded_lines": [], "start_line": 65}, "ValidationError": {"executed_lines": [], "summary": {"covered_lines": 0, "num_statements": 6, "percent_covered": 0.0, "percent_covered_display": "0.00", "missing_lines": 6, "excluded_lines": 0, "percent_statements_covered": 0.0, "percent_statements_covered_display": "0.00"}, "missing_lines": [111, 112, 113, 114, 115, 117], "excluded_lines": [], "start_line": 107}, "NotFoundError": {"executed_lines": [], "summary": {"covered_lines": 0, "num_statements": 1, "percent_covered": 0.0, "percent_covered_display": "0.00", "missing_lines": 1, "excluded_lines": 0, "percent_statements_covered": 0.0, "percent_statements_covered_display": "0.00"}, "missing_lines": [124], "excluded_lines": [], "start_line": 120}, "AuthenticationError": {"executed_lines": [], "summary": {"covered_lines": 0, "num_statements": 1, "percent_covered": 0.0, "percent_covered_display": "0.00", "missing_lines": 1, "excluded_lines": 0, "percent_statements_covered": 0.0, "percent_statements_covered_display": "0.00"}, "missing_lines": [135], "excluded_lines": [], "start_line": 131}, "AuthorizationError": {"executed_lines": [], "summary": {"covered_lines": 0, "num_statements": 1, "percent_covered": 0.0, "percent_covered_display": "0.00", "missing_lines": 1, "excluded_lines": 0, "percent_statements_covered": 0.0, "percent_statements_covered_display": "0.00"}, "missing_lines": [142], "excluded_lines": [], "start_line": 138}, "ExternalServiceError": {"executed_lines": [], "summary": {"covered_lines": 0, "num_statements": 4, "percent_covered": 0.0, "percent_covered_display": "0.00", "missing_lines": 4, "excluded_lines": 0, "percent_statements_covered": 0.0, "percent_statements_covered_display": "0.00"}, "missing_lines": [149, 150, 151, 153], "excluded_lines": [], "start_line": 145}, "RateLimitError": {"executed_lines": [], "summary": {"covered_lines": 0, "num_statements": 4, "percent_covered": 0.0, "percent_covered_display": "0.00", "missing_lines": 4, "excluded_lines": 0, "percent_statements_covered": 0.0, "percent_statements_covered_display": "0.00"}, "missing_lines": [162, 163, 164, 166], "excluded_lines": [], "start_line": 158}, "RetryConfig": {"executed_lines": [], "summary": {"covered_lines": 0, "num_statements": 0, "percent_covered": 100.0, "percent_covered_display": "100.00", "missing_lines": 0, "excluded_lines": 0, "percent_statements_covered": 100.0, "percent_statements_covered_display": "100.00"}, "missing_lines": [], "excluded_lines": [], "start_line": 175}, "RetryManager": {"executed_lines": [], "summary": {"covered_lines": 0, "num_statements": 23, "percent_covered": 0.0, "percent_covered_display": "0.00", "missing_lines": 23, "excluded_lines": 0, "percent_statements_covered": 0.0, "percent_statements_covered_display": "0.00"}, "missing_lines": [283, 307, 309, 310, 311, 313, 314, 317, 318, 321, 324, 330, 331, 333, 336, 337, 338, 339, 340, 342, 348, 351, 352], "excluded_lines": [], "start_line": 264}, "ErrorHandler": {"executed_lines": [], "summary": {"covered_lines": 0, "num_statements": 29, "percent_covered": 0.0, "percent_covered_display": "0.00", "missing_lines": 29, "excluded_lines": 0, "percent_statements_covered": 0.0, "percent_statements_covered_display": "0.00"}, "missing_lines": [383, 399, 400, 403, 404, 407, 410, 411, 414, 415, 418, 420, 432, 435, 436, 437, 438, 439, 440, 441, 442, 443, 444, 446, 455, 458, 463, 465, 467], "excluded_lines": [], "start_line": 360}, "": {"executed_lines": [], "summary": {"covered_lines": 0, "num_statements": 97, "percent_covered": 0.0, "percent_covered_display": "0.00", "missing_lines": 97, "excluded_lines": 0, "percent_statements_covered": 0.0, "percent_statements_covered_display": "0.00"}, "missing_lines": [2, 3, 10, 11, 12, 13, 14, 15, 16, 17, 19, 27, 31, 32, 33, 36, 37, 40, 41, 42, 45, 46, 49, 50, 53, 54, 57, 65, 68, 92, 107, 110, 120, 123, 131, 134, 138, 141, 145, 148, 158, 161, 174, 175, 178, 179, 180, 181, 182, 183, 191, 219, 220, 222, 223, 224, 225, 227, 228, 229, 231, 232, 235, 236, 237, 240, 243, 244, 246, 248, 254, 257, 259, 261, 264, 276, 285, 360, 376, 385, 422, 448, 477, 494, 495, 496, 497, 498, 499, 500, 501, 503, 504, 506, 508, 510, 517], "excluded_lines": [], "start_line": 1}}}, "core/errors/exceptions.py": {"executed_lines": [2, 3, 14, 15, 18, 31, 38, 39, 40, 41, 42, 43, 45, 47, 56, 57, 61, 69, 72, 80, 81, 82, 83, 86, 89, 95, 100, 103, 110, 111, 112, 113, 118, 121, 122, 131, 134, 141, 142, 143, 144, 149, 152, 159, 160, 168, 177, 180, 187, 188, 189, 203, 206, 212, 213, 214, 215, 218, 221, 222, 228, 231, 234, 237, 238, 239, 245, 253, 256, 264, 265, 266, 267, 270, 273, 274, 288, 291, 298, 299, 300, 301, 304, 307, 308, 311, 314, 320, 321, 322, 323, 326, 329, 330, 331, 332, 342, 345, 353, 354, 355, 356, 359, 362, 365, 366, 367, 368, 377, 380, 386, 387, 389, 390, 392, 393, 395, 396, 397, 398, 399, 402, 403, 417, 420, 427, 428, 429, 430, 431, 432, 435, 438, 439, 443, 446, 449, 452, 453, 454, 461, 469, 472, 479, 482, 485, 488, 489, 490, 498, 501, 504, 505, 506, 514, 517, 524, 525, 526, 527, 528, 529], "summary": {"covered_lines": 162, "num_statements": 163, "percent_covered": 99.38650306748467, "percent_covered_display": "99.39", "missing_lines": 1, "excluded_lines": 0, "percent_statements_covered": 99.38650306748467, "percent_statements_covered_display": "99.39"}, "missing_lines": [401], "excluded_lines": [], "functions": {"AthenaException.__init__": {"executed_lines": [38, 39, 40, 41, 42, 43], "summary": {"covered_lines": 6, "num_statements": 6, "percent_covered": 100.0, "percent_covered_display": "100.00", "missing_lines": 0, "excluded_lines": 0, "percent_statements_covered": 100.0, "percent_statements_covered_display": "100.00"}, "missing_lines": [], "excluded_lines": [], "start_line": 31}, "AthenaException.to_dict": {"executed_lines": [47], "summary": {"covered_lines": 1, "num_statements": 1, "percent_covered": 100.0, "percent_covered_display": "100.00", "missing_lines": 0, "excluded_lines": 0, "percent_statements_covered": 100.0, "percent_statements_covered_display": "100.00"}, "missing_lines": [], "excluded_lines": [], "start_line": 45}, "AthenaException.__str__": {"executed_lines": [57], "summary": {"covered_lines": 1, "num_statements": 1, "percent_covered": 100.0, "percent_covered_display": "100.00", "missing_lines": 0, "excluded_lines": 0, "percent_statements_covered": 100.0, "percent_statements_covered_display": "100.00"}, "missing_lines": [], "excluded_lines": [], "start_line": 56}, "FileException.__init__": {"executed_lines": [80, 81, 82, 83], "summary": {"covered_lines": 4, "num_statements": 4, "percent_covered": 100.0, "percent_covered_display": "100.00", "missing_lines": 0, "excluded_lines": 0, "percent_statements_covered": 100.0, "percent_statements_covered_display": "100.00"}, "missing_lines": [], "excluded_lines": [], "start_line": 72}, "FileUploadException.__init__": {"executed_lines": [95], "summary": {"covered_lines": 1, "num_statements": 1, "percent_covered": 100.0, "percent_covered_display": "100.00", "missing_lines": 0, "excluded_lines": 0, "percent_statements_covered": 100.0, "percent_statements_covered_display": "100.00"}, "missing_lines": [], "excluded_lines": [], "start_line": 89}, "FileProcessingException.__init__": {"executed_lines": [110, 111, 112, 113], "summary": {"covered_lines": 4, "num_statements": 4, "percent_covered": 100.0, "percent_covered_display": "100.00", "missing_lines": 0, "excluded_lines": 0, "percent_statements_covered": 100.0, "percent_statements_covered_display": "100.00"}, "missing_lines": [], "excluded_lines": [], "start_line": 103}, "FileNotFoundException.__init__": {"executed_lines": [122], "summary": {"covered_lines": 1, "num_statements": 1, "percent_covered": 100.0, "percent_covered_display": "100.00", "missing_lines": 0, "excluded_lines": 0, "percent_statements_covered": 100.0, "percent_statements_covered_display": "100.00"}, "missing_lines": [], "excluded_lines": [], "start_line": 121}, "FileValidationException.__init__": {"executed_lines": [141, 142, 143, 144], "summary": {"covered_lines": 4, "num_statements": 4, "percent_covered": 100.0, "percent_covered_display": "100.00", "missing_lines": 0, "excluded_lines": 0, "percent_statements_covered": 100.0, "percent_statements_covered_display": "100.00"}, "missing_lines": [], "excluded_lines": [], "start_line": 134}, "FileSizeException.__init__": {"executed_lines": [159, 160, 168], "summary": {"covered_lines": 3, "num_statements": 3, "percent_covered": 100.0, "percent_covered_display": "100.00", "missing_lines": 0, "excluded_lines": 0, "percent_statements_covered": 100.0, "percent_statements_covered_display": "100.00"}, "missing_lines": [], "excluded_lines": [], "start_line": 152}, "FileTypeException.__init__": {"executed_lines": [187, 188, 189], "summary": {"covered_lines": 3, "num_statements": 3, "percent_covered": 100.0, "percent_covered_display": "100.00", "missing_lines": 0, "excluded_lines": 0, "percent_statements_covered": 100.0, "percent_statements_covered_display": "100.00"}, "missing_lines": [], "excluded_lines": [], "start_line": 180}, "ConfigurationException.__init__": {"executed_lines": [212, 213, 214, 215], "summary": {"covered_lines": 4, "num_statements": 4, "percent_covered": 100.0, "percent_covered_display": "100.00", "missing_lines": 0, "excluded_lines": 0, "percent_statements_covered": 100.0, "percent_statements_covered_display": "100.00"}, "missing_lines": [], "excluded_lines": [], "start_line": 206}, "MissingConfigException.__init__": {"executed_lines": [222, 228], "summary": {"covered_lines": 2, "num_statements": 2, "percent_covered": 100.0, "percent_covered_display": "100.00", "missing_lines": 0, "excluded_lines": 0, "percent_statements_covered": 100.0, "percent_statements_covered_display": "100.00"}, "missing_lines": [], "excluded_lines": [], "start_line": 221}, "InvalidConfigException.__init__": {"executed_lines": [237, 238, 239, 245], "summary": {"covered_lines": 4, "num_statements": 4, "percent_covered": 100.0, "percent_covered_display": "100.00", "missing_lines": 0, "excluded_lines": 0, "percent_statements_covered": 100.0, "percent_statements_covered_display": "100.00"}, "missing_lines": [], "excluded_lines": [], "start_line": 234}, "CacheException.__init__": {"executed_lines": [264, 265, 266, 267], "summary": {"covered_lines": 4, "num_statements": 4, "percent_covered": 100.0, "percent_covered_display": "100.00", "missing_lines": 0, "excluded_lines": 0, "percent_statements_covered": 100.0, "percent_statements_covered_display": "100.00"}, "missing_lines": [], "excluded_lines": [], "start_line": 256}, "CacheMissException.__init__": {"executed_lines": [274], "summary": {"covered_lines": 1, "num_statements": 1, "percent_covered": 100.0, "percent_covered_display": "100.00", "missing_lines": 0, "excluded_lines": 0, "percent_statements_covered": 100.0, "percent_statements_covered_display": "100.00"}, "missing_lines": [], "excluded_lines": [], "start_line": 273}, "NetworkException.__init__": {"executed_lines": [298, 299, 300, 301], "summary": {"covered_lines": 4, "num_statements": 4, "percent_covered": 100.0, "percent_covered_display": "100.00", "missing_lines": 0, "excluded_lines": 0, "percent_statements_covered": 100.0, "percent_statements_covered_display": "100.00"}, "missing_lines": [], "excluded_lines": [], "start_line": 291}, "AuthenticationException.__init__": {"executed_lines": [308], "summary": {"covered_lines": 1, "num_statements": 1, "percent_covered": 100.0, "percent_covered_display": "100.00", "missing_lines": 0, "excluded_lines": 0, "percent_statements_covered": 100.0, "percent_statements_covered_display": "100.00"}, "missing_lines": [], "excluded_lines": [], "start_line": 307}, "AuthorizationException.__init__": {"executed_lines": [320, 321, 322, 323], "summary": {"covered_lines": 4, "num_statements": 4, "percent_covered": 100.0, "percent_covered_display": "100.00", "missing_lines": 0, "excluded_lines": 0, "percent_statements_covered": 100.0, "percent_statements_covered_display": "100.00"}, "missing_lines": [], "excluded_lines": [], "start_line": 314}, "RequestTimeoutException.__init__": {"executed_lines": [330, 331, 332], "summary": {"covered_lines": 3, "num_statements": 3, "percent_covered": 100.0, "percent_covered_display": "100.00", "missing_lines": 0, "excluded_lines": 0, "percent_statements_covered": 100.0, "percent_statements_covered_display": "100.00"}, "missing_lines": [], "excluded_lines": [], "start_line": 329}, "StorageException.__init__": {"executed_lines": [353, 354, 355, 356], "summary": {"covered_lines": 4, "num_statements": 4, "percent_covered": 100.0, "percent_covered_display": "100.00", "missing_lines": 0, "excluded_lines": 0, "percent_statements_covered": 100.0, "percent_statements_covered_display": "100.00"}, "missing_lines": [], "excluded_lines": [], "start_line": 345}, "DatabaseException.__init__": {"executed_lines": [365, 366, 367, 368], "summary": {"covered_lines": 4, "num_statements": 4, "percent_covered": 100.0, "percent_covered_display": "100.00", "missing_lines": 0, "excluded_lines": 0, "percent_statements_covered": 100.0, "percent_statements_covered_display": "100.00"}, "missing_lines": [], "excluded_lines": [], "start_line": 362}, "ConnectionException.__init__": {"executed_lines": [386, 387, 389, 390, 392, 393, 395, 396, 397, 398, 399, 402, 403], "summary": {"covered_lines": 13, "num_statements": 14, "percent_covered": 92.85714285714286, "percent_covered_display": "92.86", "missing_lines": 1, "excluded_lines": 0, "percent_statements_covered": 92.85714285714286, "percent_statements_covered_display": "92.86"}, "missing_lines": [401], "excluded_lines": [], "start_line": 380}, "ValidationException.__init__": {"executed_lines": [427, 428, 429, 430, 431, 432], "summary": {"covered_lines": 6, "num_statements": 6, "percent_covered": 100.0, "percent_covered_display": "100.00", "missing_lines": 0, "excluded_lines": 0, "percent_statements_covered": 100.0, "percent_statements_covered_display": "100.00"}, "missing_lines": [], "excluded_lines": [], "start_line": 420}, "RequiredFieldException.__init__": {"executed_lines": [439, 443], "summary": {"covered_lines": 2, "num_statements": 2, "percent_covered": 100.0, "percent_covered_display": "100.00", "missing_lines": 0, "excluded_lines": 0, "percent_statements_covered": 100.0, "percent_statements_covered_display": "100.00"}, "missing_lines": [], "excluded_lines": [], "start_line": 438}, "InvalidFormatException.__init__": {"executed_lines": [452, 453, 454, 461], "summary": {"covered_lines": 4, "num_statements": 4, "percent_covered": 100.0, "percent_covered_display": "100.00", "missing_lines": 0, "excluded_lines": 0, "percent_statements_covered": 100.0, "percent_statements_covered_display": "100.00"}, "missing_lines": [], "excluded_lines": [], "start_line": 449}, "BusinessException.__init__": {"executed_lines": [479], "summary": {"covered_lines": 1, "num_statements": 1, "percent_covered": 100.0, "percent_covered_display": "100.00", "missing_lines": 0, "excluded_lines": 0, "percent_statements_covered": 100.0, "percent_statements_covered_display": "100.00"}, "missing_lines": [], "excluded_lines": [], "start_line": 472}, "ResourceNotFoundException.__init__": {"executed_lines": [488, 489, 490], "summary": {"covered_lines": 3, "num_statements": 3, "percent_covered": 100.0, "percent_covered_display": "100.00", "missing_lines": 0, "excluded_lines": 0, "percent_statements_covered": 100.0, "percent_statements_covered_display": "100.00"}, "missing_lines": [], "excluded_lines": [], "start_line": 485}, "DuplicateResourceException.__init__": {"executed_lines": [504, 505, 506], "summary": {"covered_lines": 3, "num_statements": 3, "percent_covered": 100.0, "percent_covered_display": "100.00", "missing_lines": 0, "excluded_lines": 0, "percent_statements_covered": 100.0, "percent_statements_covered_display": "100.00"}, "missing_lines": [], "excluded_lines": [], "start_line": 501}, "OperationNotAllowedException.__init__": {"executed_lines": [524, 525, 526, 527, 528, 529], "summary": {"covered_lines": 6, "num_statements": 6, "percent_covered": 100.0, "percent_covered_display": "100.00", "missing_lines": 0, "excluded_lines": 0, "percent_statements_covered": 100.0, "percent_statements_covered_display": "100.00"}, "missing_lines": [], "excluded_lines": [], "start_line": 517}, "": {"executed_lines": [2, 3, 14, 15, 18, 31, 45, 56, 61, 69, 72, 86, 89, 100, 103, 118, 121, 131, 134, 149, 152, 177, 180, 203, 206, 218, 221, 231, 234, 253, 256, 270, 273, 288, 291, 304, 307, 311, 314, 326, 329, 342, 345, 359, 362, 377, 380, 417, 420, 435, 438, 446, 449, 469, 472, 482, 485, 498, 501, 514, 517], "summary": {"covered_lines": 61, "num_statements": 61, "percent_covered": 100.0, "percent_covered_display": "100.00", "missing_lines": 0, "excluded_lines": 0, "percent_statements_covered": 100.0, "percent_statements_covered_display": "100.00"}, "missing_lines": [], "excluded_lines": [], "start_line": 1}}, "classes": {"AthenaException": {"executed_lines": [38, 39, 40, 41, 42, 43, 47, 57], "summary": {"covered_lines": 8, "num_statements": 8, "percent_covered": 100.0, "percent_covered_display": "100.00", "missing_lines": 0, "excluded_lines": 0, "percent_statements_covered": 100.0, "percent_statements_covered_display": "100.00"}, "missing_lines": [], "excluded_lines": [], "start_line": 18}, "FileException": {"executed_lines": [80, 81, 82, 83], "summary": {"covered_lines": 4, "num_statements": 4, "percent_covered": 100.0, "percent_covered_display": "100.00", "missing_lines": 0, "excluded_lines": 0, "percent_statements_covered": 100.0, "percent_statements_covered_display": "100.00"}, "missing_lines": [], "excluded_lines": [], "start_line": 69}, "FileUploadException": {"executed_lines": [95], "summary": {"covered_lines": 1, "num_statements": 1, "percent_covered": 100.0, "percent_covered_display": "100.00", "missing_lines": 0, "excluded_lines": 0, "percent_statements_covered": 100.0, "percent_statements_covered_display": "100.00"}, "missing_lines": [], "excluded_lines": [], "start_line": 86}, "FileProcessingException": {"executed_lines": [110, 111, 112, 113], "summary": {"covered_lines": 4, "num_statements": 4, "percent_covered": 100.0, "percent_covered_display": "100.00", "missing_lines": 0, "excluded_lines": 0, "percent_statements_covered": 100.0, "percent_statements_covered_display": "100.00"}, "missing_lines": [], "excluded_lines": [], "start_line": 100}, "FileNotFoundException": {"executed_lines": [122], "summary": {"covered_lines": 1, "num_statements": 1, "percent_covered": 100.0, "percent_covered_display": "100.00", "missing_lines": 0, "excluded_lines": 0, "percent_statements_covered": 100.0, "percent_statements_covered_display": "100.00"}, "missing_lines": [], "excluded_lines": [], "start_line": 118}, "FileValidationException": {"executed_lines": [141, 142, 143, 144], "summary": {"covered_lines": 4, "num_statements": 4, "percent_covered": 100.0, "percent_covered_display": "100.00", "missing_lines": 0, "excluded_lines": 0, "percent_statements_covered": 100.0, "percent_statements_covered_display": "100.00"}, "missing_lines": [], "excluded_lines": [], "start_line": 131}, "FileSizeException": {"executed_lines": [159, 160, 168], "summary": {"covered_lines": 3, "num_statements": 3, "percent_covered": 100.0, "percent_covered_display": "100.00", "missing_lines": 0, "excluded_lines": 0, "percent_statements_covered": 100.0, "percent_statements_covered_display": "100.00"}, "missing_lines": [], "excluded_lines": [], "start_line": 149}, "FileTypeException": {"executed_lines": [187, 188, 189], "summary": {"covered_lines": 3, "num_statements": 3, "percent_covered": 100.0, "percent_covered_display": "100.00", "missing_lines": 0, "excluded_lines": 0, "percent_statements_covered": 100.0, "percent_statements_covered_display": "100.00"}, "missing_lines": [], "excluded_lines": [], "start_line": 177}, "ConfigurationException": {"executed_lines": [212, 213, 214, 215], "summary": {"covered_lines": 4, "num_statements": 4, "percent_covered": 100.0, "percent_covered_display": "100.00", "missing_lines": 0, "excluded_lines": 0, "percent_statements_covered": 100.0, "percent_statements_covered_display": "100.00"}, "missing_lines": [], "excluded_lines": [], "start_line": 203}, "MissingConfigException": {"executed_lines": [222, 228], "summary": {"covered_lines": 2, "num_statements": 2, "percent_covered": 100.0, "percent_covered_display": "100.00", "missing_lines": 0, "excluded_lines": 0, "percent_statements_covered": 100.0, "percent_statements_covered_display": "100.00"}, "missing_lines": [], "excluded_lines": [], "start_line": 218}, "InvalidConfigException": {"executed_lines": [237, 238, 239, 245], "summary": {"covered_lines": 4, "num_statements": 4, "percent_covered": 100.0, "percent_covered_display": "100.00", "missing_lines": 0, "excluded_lines": 0, "percent_statements_covered": 100.0, "percent_statements_covered_display": "100.00"}, "missing_lines": [], "excluded_lines": [], "start_line": 231}, "CacheException": {"executed_lines": [264, 265, 266, 267], "summary": {"covered_lines": 4, "num_statements": 4, "percent_covered": 100.0, "percent_covered_display": "100.00", "missing_lines": 0, "excluded_lines": 0, "percent_statements_covered": 100.0, "percent_statements_covered_display": "100.00"}, "missing_lines": [], "excluded_lines": [], "start_line": 253}, "CacheMissException": {"executed_lines": [274], "summary": {"covered_lines": 1, "num_statements": 1, "percent_covered": 100.0, "percent_covered_display": "100.00", "missing_lines": 0, "excluded_lines": 0, "percent_statements_covered": 100.0, "percent_statements_covered_display": "100.00"}, "missing_lines": [], "excluded_lines": [], "start_line": 270}, "NetworkException": {"executed_lines": [298, 299, 300, 301], "summary": {"covered_lines": 4, "num_statements": 4, "percent_covered": 100.0, "percent_covered_display": "100.00", "missing_lines": 0, "excluded_lines": 0, "percent_statements_covered": 100.0, "percent_statements_covered_display": "100.00"}, "missing_lines": [], "excluded_lines": [], "start_line": 288}, "AuthenticationException": {"executed_lines": [308], "summary": {"covered_lines": 1, "num_statements": 1, "percent_covered": 100.0, "percent_covered_display": "100.00", "missing_lines": 0, "excluded_lines": 0, "percent_statements_covered": 100.0, "percent_statements_covered_display": "100.00"}, "missing_lines": [], "excluded_lines": [], "start_line": 304}, "AuthorizationException": {"executed_lines": [320, 321, 322, 323], "summary": {"covered_lines": 4, "num_statements": 4, "percent_covered": 100.0, "percent_covered_display": "100.00", "missing_lines": 0, "excluded_lines": 0, "percent_statements_covered": 100.0, "percent_statements_covered_display": "100.00"}, "missing_lines": [], "excluded_lines": [], "start_line": 311}, "RequestTimeoutException": {"executed_lines": [330, 331, 332], "summary": {"covered_lines": 3, "num_statements": 3, "percent_covered": 100.0, "percent_covered_display": "100.00", "missing_lines": 0, "excluded_lines": 0, "percent_statements_covered": 100.0, "percent_statements_covered_display": "100.00"}, "missing_lines": [], "excluded_lines": [], "start_line": 326}, "StorageException": {"executed_lines": [353, 354, 355, 356], "summary": {"covered_lines": 4, "num_statements": 4, "percent_covered": 100.0, "percent_covered_display": "100.00", "missing_lines": 0, "excluded_lines": 0, "percent_statements_covered": 100.0, "percent_statements_covered_display": "100.00"}, "missing_lines": [], "excluded_lines": [], "start_line": 342}, "DatabaseException": {"executed_lines": [365, 366, 367, 368], "summary": {"covered_lines": 4, "num_statements": 4, "percent_covered": 100.0, "percent_covered_display": "100.00", "missing_lines": 0, "excluded_lines": 0, "percent_statements_covered": 100.0, "percent_statements_covered_display": "100.00"}, "missing_lines": [], "excluded_lines": [], "start_line": 359}, "ConnectionException": {"executed_lines": [386, 387, 389, 390, 392, 393, 395, 396, 397, 398, 399, 402, 403], "summary": {"covered_lines": 13, "num_statements": 14, "percent_covered": 92.85714285714286, "percent_covered_display": "92.86", "missing_lines": 1, "excluded_lines": 0, "percent_statements_covered": 92.85714285714286, "percent_statements_covered_display": "92.86"}, "missing_lines": [401], "excluded_lines": [], "start_line": 377}, "ValidationException": {"executed_lines": [427, 428, 429, 430, 431, 432], "summary": {"covered_lines": 6, "num_statements": 6, "percent_covered": 100.0, "percent_covered_display": "100.00", "missing_lines": 0, "excluded_lines": 0, "percent_statements_covered": 100.0, "percent_statements_covered_display": "100.00"}, "missing_lines": [], "excluded_lines": [], "start_line": 417}, "RequiredFieldException": {"executed_lines": [439, 443], "summary": {"covered_lines": 2, "num_statements": 2, "percent_covered": 100.0, "percent_covered_display": "100.00", "missing_lines": 0, "excluded_lines": 0, "percent_statements_covered": 100.0, "percent_statements_covered_display": "100.00"}, "missing_lines": [], "excluded_lines": [], "start_line": 435}, "InvalidFormatException": {"executed_lines": [452, 453, 454, 461], "summary": {"covered_lines": 4, "num_statements": 4, "percent_covered": 100.0, "percent_covered_display": "100.00", "missing_lines": 0, "excluded_lines": 0, "percent_statements_covered": 100.0, "percent_statements_covered_display": "100.00"}, "missing_lines": [], "excluded_lines": [], "start_line": 446}, "BusinessException": {"executed_lines": [479], "summary": {"covered_lines": 1, "num_statements": 1, "percent_covered": 100.0, "percent_covered_display": "100.00", "missing_lines": 0, "excluded_lines": 0, "percent_statements_covered": 100.0, "percent_statements_covered_display": "100.00"}, "missing_lines": [], "excluded_lines": [], "start_line": 469}, "ResourceNotFoundException": {"executed_lines": [488, 489, 490], "summary": {"covered_lines": 3, "num_statements": 3, "percent_covered": 100.0, "percent_covered_display": "100.00", "missing_lines": 0, "excluded_lines": 0, "percent_statements_covered": 100.0, "percent_statements_covered_display": "100.00"}, "missing_lines": [], "excluded_lines": [], "start_line": 482}, "DuplicateResourceException": {"executed_lines": [504, 505, 506], "summary": {"covered_lines": 3, "num_statements": 3, "percent_covered": 100.0, "percent_covered_display": "100.00", "missing_lines": 0, "excluded_lines": 0, "percent_statements_covered": 100.0, "percent_statements_covered_display": "100.00"}, "missing_lines": [], "excluded_lines": [], "start_line": 498}, "OperationNotAllowedException": {"executed_lines": [524, 525, 526, 527, 528, 529], "summary": {"covered_lines": 6, "num_statements": 6, "percent_covered": 100.0, "percent_covered_display": "100.00", "missing_lines": 0, "excluded_lines": 0, "percent_statements_covered": 100.0, "percent_statements_covered_display": "100.00"}, "missing_lines": [], "excluded_lines": [], "start_line": 514}, "": {"executed_lines": [2, 3, 14, 15, 18, 31, 45, 56, 61, 69, 72, 86, 89, 100, 103, 118, 121, 131, 134, 149, 152, 177, 180, 203, 206, 218, 221, 231, 234, 253, 256, 270, 273, 288, 291, 304, 307, 311, 314, 326, 329, 342, 345, 359, 362, 377, 380, 417, 420, 435, 438, 446, 449, 469, 472, 482, 485, 498, 501, 514, 517], "summary": {"covered_lines": 61, "num_statements": 61, "percent_covered": 100.0, "percent_covered_display": "100.00", "missing_lines": 0, "excluded_lines": 0, "percent_statements_covered": 100.0, "percent_statements_covered_display": "100.00"}, "missing_lines": [], "excluded_lines": [], "start_line": 1}}}, "core/errors/handlers.py": {"executed_lines": [2, 3, 14, 15, 16, 17, 19, 20, 21, 22, 24, 28, 36, 70, 106, 135, 177, 229, 288, 316, 345, 391, 394, 395], "summary": {"covered_lines": 24, "num_statements": 105, "percent_covered": 22.857142857142858, "percent_covered_display": "22.86", "missing_lines": 81, "excluded_lines": 0, "percent_statements_covered": 22.857142857142858, "percent_statements_covered_display": "22.86"}, "missing_lines": [56, 61, 62, 64, 65, 67, 83, 84, 91, 93, 96, 98, 118, 121, 132, 148, 151, 152, 153, 161, 166, 174, 190, 193, 210, 212, 222, 226, 240, 243, 255, 256, 259, 260, 262, 263, 264, 265, 269, 270, 272, 280, 296, 299, 302, 303, 306, 308, 327, 330, 331, 334, 335, 337, 365, 366, 367, 368, 369, 370, 371, 372, 373, 374, 375, 376, 377, 381, 383, 406, 412, 413, 415, 416, 421, 422, 423, 424, 425, 426, 428], "excluded_lines": [], "functions": {"format_error_response": {"executed_lines": [], "summary": {"covered_lines": 0, "num_statements": 6, "percent_covered": 0.0, "percent_covered_display": "0.00", "missing_lines": 6, "excluded_lines": 0, "percent_statements_covered": 0.0, "percent_statements_covered_display": "0.00"}, "missing_lines": [56, 61, 62, 64, 65, 67], "excluded_lines": [], "start_line": 36}, "create_error_response": {"executed_lines": [], "summary": {"covered_lines": 0, "num_statements": 6, "percent_covered": 0.0, "percent_covered_display": "0.00", "missing_lines": 6, "excluded_lines": 0, "percent_statements_covered": 0.0, "percent_statements_covered_display": "0.00"}, "missing_lines": [83, 84, 91, 93, 96, 98], "excluded_lines": [], "start_line": 70}, "athena_exception_handler": {"executed_lines": [], "summary": {"covered_lines": 0, "num_statements": 3, "percent_covered": 0.0, "percent_covered_display": "0.00", "missing_lines": 3, "excluded_lines": 0, "percent_statements_covered": 0.0, "percent_statements_covered_display": "0.00"}, "missing_lines": [118, 121, 132], "excluded_lines": [], "start_line": 106}, "validation_exception_handler": {"executed_lines": [], "summary": {"covered_lines": 0, "num_statements": 7, "percent_covered": 0.0, "percent_covered_display": "0.00", "missing_lines": 7, "excluded_lines": 0, "percent_statements_covered": 0.0, "percent_statements_covered_display": "0.00"}, "missing_lines": [148, 151, 152, 153, 161, 166, 174], "excluded_lines": [], "start_line": 135}, "http_exception_handler": {"executed_lines": [], "summary": {"covered_lines": 0, "num_statements": 6, "percent_covered": 0.0, "percent_covered_display": "0.00", "missing_lines": 6, "excluded_lines": 0, "percent_statements_covered": 0.0, "percent_statements_covered_display": "0.00"}, "missing_lines": [190, 193, 210, 212, 222, 226], "excluded_lines": [], "start_line": 177}, "generic_exception_handler": {"executed_lines": [], "summary": {"covered_lines": 0, "num_statements": 14, "percent_covered": 0.0, "percent_covered_display": "0.00", "missing_lines": 14, "excluded_lines": 0, "percent_statements_covered": 0.0, "percent_statements_covered_display": "0.00"}, "missing_lines": [240, 243, 255, 256, 259, 260, 262, 263, 264, 265, 269, 270, 272, 280], "excluded_lines": [], "start_line": 229}, "setup_error_handlers": {"executed_lines": [], "summary": {"covered_lines": 0, "num_statements": 6, "percent_covered": 0.0, "percent_covered_display": "0.00", "missing_lines": 6, "excluded_lines": 0, "percent_statements_covered": 0.0, "percent_statements_covered_display": "0.00"}, "missing_lines": [296, 299, 302, 303, 306, 308], "excluded_lines": [], "start_line": 288}, "request_id_middleware": {"executed_lines": [], "summary": {"covered_lines": 0, "num_statements": 6, "percent_covered": 0.0, "percent_covered_display": "0.00", "missing_lines": 6, "excluded_lines": 0, "percent_statements_covered": 0.0, "percent_statements_covered_display": "0.00"}, "missing_lines": [327, 330, 331, 334, 335, 337], "excluded_lines": [], "start_line": 316}, "handle_exceptions": {"executed_lines": [], "summary": {"covered_lines": 0, "num_statements": 2, "percent_covered": 0.0, "percent_covered_display": "0.00", "missing_lines": 2, "excluded_lines": 0, "percent_statements_covered": 0.0, "percent_statements_covered_display": "0.00"}, "missing_lines": [365, 383], "excluded_lines": [], "start_line": 345}, "handle_exceptions.decorator": {"executed_lines": [], "summary": {"covered_lines": 0, "num_statements": 2, "percent_covered": 0.0, "percent_covered_display": "0.00", "missing_lines": 2, "excluded_lines": 0, "percent_statements_covered": 0.0, "percent_statements_covered_display": "0.00"}, "missing_lines": [366, 381], "excluded_lines": [], "start_line": 365}, "handle_exceptions.decorator.wrapper": {"executed_lines": [], "summary": {"covered_lines": 0, "num_statements": 11, "percent_covered": 0.0, "percent_covered_display": "0.00", "missing_lines": 11, "excluded_lines": 0, "percent_statements_covered": 0.0, "percent_statements_covered_display": "0.00"}, "missing_lines": [367, 368, 369, 370, 371, 372, 373, 374, 375, 376, 377], "excluded_lines": [], "start_line": 366}, "ErrorLogger.log_exception": {"executed_lines": [], "summary": {"covered_lines": 0, "num_statements": 12, "percent_covered": 0.0, "percent_covered_display": "0.00", "missing_lines": 12, "excluded_lines": 0, "percent_statements_covered": 0.0, "percent_statements_covered_display": "0.00"}, "missing_lines": [406, 412, 413, 415, 416, 421, 422, 423, 424, 425, 426, 428], "excluded_lines": [], "start_line": 395}, "": {"executed_lines": [2, 3, 14, 15, 16, 17, 19, 20, 21, 22, 24, 28, 36, 70, 106, 135, 177, 229, 288, 316, 345, 391, 394, 395], "summary": {"covered_lines": 24, "num_statements": 24, "percent_covered": 100.0, "percent_covered_display": "100.00", "missing_lines": 0, "excluded_lines": 0, "percent_statements_covered": 100.0, "percent_statements_covered_display": "100.00"}, "missing_lines": [], "excluded_lines": [], "start_line": 1}}, "classes": {"ErrorLogger": {"executed_lines": [], "summary": {"covered_lines": 0, "num_statements": 12, "percent_covered": 0.0, "percent_covered_display": "0.00", "missing_lines": 12, "excluded_lines": 0, "percent_statements_covered": 0.0, "percent_statements_covered_display": "0.00"}, "missing_lines": [406, 412, 413, 415, 416, 421, 422, 423, 424, 425, 426, 428], "excluded_lines": [], "start_line": 391}, "": {"executed_lines": [2, 3, 14, 15, 16, 17, 19, 20, 21, 22, 24, 28, 36, 70, 106, 135, 177, 229, 288, 316, 345, 391, 394, 395], "summary": {"covered_lines": 24, "num_statements": 93, "percent_covered": 25.806451612903224, "percent_covered_display": "25.81", "missing_lines": 69, "excluded_lines": 0, "percent_statements_covered": 25.806451612903224, "percent_statements_covered_display": "25.81"}, "missing_lines": [56, 61, 62, 64, 65, 67, 83, 84, 91, 93, 96, 98, 118, 121, 132, 148, 151, 152, 153, 161, 166, 174, 190, 193, 210, 212, 222, 226, 240, 243, 255, 256, 259, 260, 262, 263, 264, 265, 269, 270, 272, 280, 296, 299, 302, 303, 306, 308, 327, 330, 331, 334, 335, 337, 365, 366, 367, 368, 369, 370, 371, 372, 373, 374, 375, 376, 377, 381, 383], "excluded_lines": [], "start_line": 1}}}, "core/utils/__init__.py": {"executed_lines": [1, 2, 8, 14], "summary": {"covered_lines": 4, "num_statements": 4, "percent_covered": 100.0, "percent_covered_display": "100.00", "missing_lines": 0, "excluded_lines": 0, "percent_statements_covered": 100.0, "percent_statements_covered_display": "100.00"}, "missing_lines": [], "excluded_lines": [], "functions": {"": {"executed_lines": [1, 2, 8, 14], "summary": {"covered_lines": 4, "num_statements": 4, "percent_covered": 100.0, "percent_covered_display": "100.00", "missing_lines": 0, "excluded_lines": 0, "percent_statements_covered": 100.0, "percent_statements_covered_display": "100.00"}, "missing_lines": [], "excluded_lines": [], "start_line": 1}}, "classes": {"": {"executed_lines": [1, 2, 8, 14], "summary": {"covered_lines": 4, "num_statements": 4, "percent_covered": 100.0, "percent_covered_display": "100.00", "missing_lines": 0, "excluded_lines": 0, "percent_statements_covered": 100.0, "percent_statements_covered_display": "100.00"}, "missing_lines": [], "excluded_lines": [], "start_line": 1}}}, "core/utils/agent_identity_manager.py": {"executed_lines": [], "summary": {"covered_lines": 0, "num_statements": 51, "percent_covered": 0.0, "percent_covered_display": "0.00", "missing_lines": 51, "excluded_lines": 0, "percent_statements_covered": 0.0, "percent_statements_covered_display": "0.00"}, "missing_lines": [2, 3, 10, 11, 12, 15, 18, 19, 22, 24, 26, 27, 28, 29, 31, 41, 43, 45, 47, 48, 49, 51, 54, 55, 58, 60, 61, 62, 64, 65, 67, 68, 70, 71, 73, 74, 76, 78, 80, 82, 83, 84, 86, 99, 101, 134, 138, 142, 144, 147, 149], "excluded_lines": [], "functions": {"AgentIdentityManager.__init__": {"executed_lines": [], "summary": {"covered_lines": 0, "num_statements": 2, "percent_covered": 0.0, "percent_covered_display": "0.00", "missing_lines": 2, "excluded_lines": 0, "percent_statements_covered": 0.0, "percent_statements_covered_display": "0.00"}, "missing_lines": [19, 22], "excluded_lines": [], "start_line": 18}, "AgentIdentityManager._load_config": {"executed_lines": [], "summary": {"covered_lines": 0, "num_statements": 5, "percent_covered": 0.0, "percent_covered_display": "0.00", "missing_lines": 5, "excluded_lines": 0, "percent_statements_covered": 0.0, "percent_statements_covered_display": "0.00"}, "missing_lines": [26, 27, 28, 29, 31], "excluded_lines": [], "start_line": 24}, "AgentIdentityManager.get_agent_identity": {"executed_lines": [], "summary": {"covered_lines": 0, "num_statements": 1, "percent_covered": 0.0, "percent_covered_display": "0.00", "missing_lines": 1, "excluded_lines": 0, "percent_statements_covered": 0.0, "percent_statements_covered_display": "0.00"}, "missing_lines": [43], "excluded_lines": [], "start_line": 41}, "AgentIdentityManager.display_agent_startup": {"executed_lines": [], "summary": {"covered_lines": 0, "num_statements": 20, "percent_covered": 0.0, "percent_covered_display": "0.00", "missing_lines": 20, "excluded_lines": 0, "percent_statements_covered": 0.0, "percent_statements_covered_display": "0.00"}, "missing_lines": [47, 48, 49, 51, 54, 55, 58, 60, 61, 62, 64, 65, 67, 68, 70, 71, 73, 74, 76, 78], "excluded_lines": [], "start_line": 45}, "AgentIdentityManager.get_service_info": {"executed_lines": [], "summary": {"covered_lines": 0, "num_statements": 4, "percent_covered": 0.0, "percent_covered_display": "0.00", "missing_lines": 4, "excluded_lines": 0, "percent_statements_covered": 0.0, "percent_statements_covered_display": "0.00"}, "missing_lines": [82, 83, 84, 86], "excluded_lines": [], "start_line": 80}, "AgentIdentityManager._get_capabilities": {"executed_lines": [], "summary": {"covered_lines": 0, "num_statements": 2, "percent_covered": 0.0, "percent_covered_display": "0.00", "missing_lines": 2, "excluded_lines": 0, "percent_statements_covered": 0.0, "percent_statements_covered_display": "0.00"}, "missing_lines": [101, 134], "excluded_lines": [], "start_line": 99}, "display_identity": {"executed_lines": [], "summary": {"covered_lines": 0, "num_statements": 1, "percent_covered": 0.0, "percent_covered_display": "0.00", "missing_lines": 1, "excluded_lines": 0, "percent_statements_covered": 0.0, "percent_statements_covered_display": "0.00"}, "missing_lines": [144], "excluded_lines": [], "start_line": 142}, "get_service_info": {"executed_lines": [], "summary": {"covered_lines": 0, "num_statements": 1, "percent_covered": 0.0, "percent_covered_display": "0.00", "missing_lines": 1, "excluded_lines": 0, "percent_statements_covered": 0.0, "percent_statements_covered_display": "0.00"}, "missing_lines": [149], "excluded_lines": [], "start_line": 147}, "": {"executed_lines": [], "summary": {"covered_lines": 0, "num_statements": 15, "percent_covered": 0.0, "percent_covered_display": "0.00", "missing_lines": 15, "excluded_lines": 0, "percent_statements_covered": 0.0, "percent_statements_covered_display": "0.00"}, "missing_lines": [2, 3, 10, 11, 12, 15, 18, 24, 41, 45, 80, 99, 138, 142, 147], "excluded_lines": [], "start_line": 1}}, "classes": {"AgentIdentityManager": {"executed_lines": [], "summary": {"covered_lines": 0, "num_statements": 34, "percent_covered": 0.0, "percent_covered_display": "0.00", "missing_lines": 34, "excluded_lines": 0, "percent_statements_covered": 0.0, "percent_statements_covered_display": "0.00"}, "missing_lines": [19, 22, 26, 27, 28, 29, 31, 43, 47, 48, 49, 51, 54, 55, 58, 60, 61, 62, 64, 65, 67, 68, 70, 71, 73, 74, 76, 78, 82, 83, 84, 86, 101, 134], "excluded_lines": [], "start_line": 15}, "": {"executed_lines": [], "summary": {"covered_lines": 0, "num_statements": 17, "percent_covered": 0.0, "percent_covered_display": "0.00", "missing_lines": 17, "excluded_lines": 0, "percent_statements_covered": 0.0, "percent_statements_covered_display": "0.00"}, "missing_lines": [2, 3, 10, 11, 12, 15, 18, 24, 41, 45, 80, 99, 138, 142, 144, 147, 149], "excluded_lines": [], "start_line": 1}}}, "core/utils/api_helpers.py": {"executed_lines": [], "summary": {"covered_lines": 0, "num_statements": 141, "percent_covered": 0.0, "percent_covered_display": "0.00", "missing_lines": 141, "excluded_lines": 0, "percent_statements_covered": 0.0, "percent_statements_covered_display": "0.00"}, "missing_lines": [2, 3, 15, 16, 17, 18, 19, 20, 22, 23, 25, 27, 34, 37, 38, 54, 62, 63, 79, 86, 87, 89, 96, 112, 113, 114, 115, 116, 117, 118, 119, 121, 122, 128, 129, 134, 139, 140, 141, 142, 143, 144, 145, 147, 148, 154, 155, 160, 166, 167, 168, 170, 172, 179, 193, 194, 195, 197, 198, 199, 200, 201, 205, 207, 208, 209, 210, 211, 212, 213, 217, 219, 220, 221, 223, 225, 232, 246, 247, 248, 249, 251, 252, 253, 255, 258, 259, 260, 261, 265, 267, 270, 271, 275, 276, 277, 279, 280, 281, 283, 286, 287, 288, 289, 293, 295, 298, 299, 303, 304, 305, 307, 309, 316, 330, 331, 334, 335, 336, 338, 346, 347, 349, 359, 372, 382, 393, 396, 397, 400, 403, 408, 415, 432, 433, 435, 436, 438, 441, 459, 461], "excluded_lines": [], "functions": {"APIResponse.success": {"executed_lines": [], "summary": {"covered_lines": 0, "num_statements": 1, "percent_covered": 0.0, "percent_covered_display": "0.00", "missing_lines": 1, "excluded_lines": 0, "percent_statements_covered": 0.0, "percent_statements_covered_display": "0.00"}, "missing_lines": [54], "excluded_lines": [], "start_line": 38}, "APIResponse.error": {"executed_lines": [], "summary": {"covered_lines": 0, "num_statements": 4, "percent_covered": 0.0, "percent_covered_display": "0.00", "missing_lines": 4, "excluded_lines": 0, "percent_statements_covered": 0.0, "percent_statements_covered_display": "0.00"}, "missing_lines": [79, 86, 87, 89], "excluded_lines": [], "start_line": 63}, "handle_api_errors": {"executed_lines": [], "summary": {"covered_lines": 0, "num_statements": 3, "percent_covered": 0.0, "percent_covered_display": "0.00", "missing_lines": 3, "excluded_lines": 0, "percent_statements_covered": 0.0, "percent_statements_covered_display": "0.00"}, "missing_lines": [112, 113, 172], "excluded_lines": [], "start_line": 96}, "handle_api_errors.decorator": {"executed_lines": [], "summary": {"covered_lines": 0, "num_statements": 7, "percent_covered": 0.0, "percent_covered_display": "0.00", "missing_lines": 7, "excluded_lines": 0, "percent_statements_covered": 0.0, "percent_statements_covered_display": "0.00"}, "missing_lines": [114, 139, 140, 166, 167, 168, 170], "excluded_lines": [], "start_line": 112}, "handle_api_errors.decorator.async_wrapper": {"executed_lines": [], "summary": {"covered_lines": 0, "num_statements": 10, "percent_covered": 0.0, "percent_covered_display": "0.00", "missing_lines": 10, "excluded_lines": 0, "percent_statements_covered": 0.0, "percent_statements_covered_display": "0.00"}, "missing_lines": [115, 116, 117, 118, 119, 121, 122, 128, 129, 134], "excluded_lines": [], "start_line": 114}, "handle_api_errors.decorator.sync_wrapper": {"executed_lines": [], "summary": {"covered_lines": 0, "num_statements": 10, "percent_covered": 0.0, "percent_covered_display": "0.00", "missing_lines": 10, "excluded_lines": 0, "percent_statements_covered": 0.0, "percent_statements_covered_display": "0.00"}, "missing_lines": [141, 142, 143, 144, 145, 147, 148, 154, 155, 160], "excluded_lines": [], "start_line": 140}, "validate_request": {"executed_lines": [], "summary": {"covered_lines": 0, "num_statements": 3, "percent_covered": 0.0, "percent_covered_display": "0.00", "missing_lines": 3, "excluded_lines": 0, "percent_statements_covered": 0.0, "percent_statements_covered_display": "0.00"}, "missing_lines": [193, 194, 225], "excluded_lines": [], "start_line": 179}, "validate_request.decorator": {"executed_lines": [], "summary": {"covered_lines": 0, "num_statements": 7, "percent_covered": 0.0, "percent_covered_display": "0.00", "missing_lines": 7, "excluded_lines": 0, "percent_statements_covered": 0.0, "percent_statements_covered_display": "0.00"}, "missing_lines": [195, 207, 208, 219, 220, 221, 223], "excluded_lines": [], "start_line": 193}, "validate_request.decorator.async_wrapper": {"executed_lines": [], "summary": {"covered_lines": 0, "num_statements": 6, "percent_covered": 0.0, "percent_covered_display": "0.00", "missing_lines": 6, "excluded_lines": 0, "percent_statements_covered": 0.0, "percent_statements_covered_display": "0.00"}, "missing_lines": [197, 198, 199, 200, 201, 205], "excluded_lines": [], "start_line": 195}, "validate_request.decorator.sync_wrapper": {"executed_lines": [], "summary": {"covered_lines": 0, "num_statements": 6, "percent_covered": 0.0, "percent_covered_display": "0.00", "missing_lines": 6, "excluded_lines": 0, "percent_statements_covered": 0.0, "percent_statements_covered_display": "0.00"}, "missing_lines": [209, 210, 211, 212, 213, 217], "excluded_lines": [], "start_line": 208}, "monitor_performance": {"executed_lines": [], "summary": {"covered_lines": 0, "num_statements": 3, "percent_covered": 0.0, "percent_covered_display": "0.00", "missing_lines": 3, "excluded_lines": 0, "percent_statements_covered": 0.0, "percent_statements_covered_display": "0.00"}, "missing_lines": [246, 247, 309], "excluded_lines": [], "start_line": 232}, "monitor_performance.decorator": {"executed_lines": [], "summary": {"covered_lines": 0, "num_statements": 7, "percent_covered": 0.0, "percent_covered_display": "0.00", "missing_lines": 7, "excluded_lines": 0, "percent_statements_covered": 0.0, "percent_statements_covered_display": "0.00"}, "missing_lines": [248, 275, 276, 303, 304, 305, 307], "excluded_lines": [], "start_line": 246}, "monitor_performance.decorator.async_wrapper": {"executed_lines": [], "summary": {"covered_lines": 0, "num_statements": 13, "percent_covered": 0.0, "percent_covered_display": "0.00", "missing_lines": 13, "excluded_lines": 0, "percent_statements_covered": 0.0, "percent_statements_covered_display": "0.00"}, "missing_lines": [249, 251, 252, 253, 255, 258, 259, 260, 261, 265, 267, 270, 271], "excluded_lines": [], "start_line": 248}, "monitor_performance.decorator.sync_wrapper": {"executed_lines": [], "summary": {"covered_lines": 0, "num_statements": 13, "percent_covered": 0.0, "percent_covered_display": "0.00", "missing_lines": 13, "excluded_lines": 0, "percent_statements_covered": 0.0, "percent_statements_covered_display": "0.00"}, "missing_lines": [277, 279, 280, 281, 283, 286, 287, 288, 289, 293, 295, 298, 299], "excluded_lines": [], "start_line": 276}, "create_error_response": {"executed_lines": [], "summary": {"covered_lines": 0, "num_statements": 9, "percent_covered": 0.0, "percent_covered_display": "0.00", "missing_lines": 9, "excluded_lines": 0, "percent_statements_covered": 0.0, "percent_statements_covered_display": "0.00"}, "missing_lines": [330, 331, 334, 335, 336, 338, 346, 347, 349], "excluded_lines": [], "start_line": 316}, "log_request": {"executed_lines": [], "summary": {"covered_lines": 0, "num_statements": 1, "percent_covered": 0.0, "percent_covered_display": "0.00", "missing_lines": 1, "excluded_lines": 0, "percent_statements_covered": 0.0, "percent_statements_covered_display": "0.00"}, "missing_lines": [372], "excluded_lines": [], "start_line": 359}, "sanitize_input": {"executed_lines": [], "summary": {"covered_lines": 0, "num_statements": 6, "percent_covered": 0.0, "percent_covered_display": "0.00", "missing_lines": 6, "excluded_lines": 0, "percent_statements_covered": 0.0, "percent_statements_covered_display": "0.00"}, "missing_lines": [393, 396, 397, 400, 403, 408], "excluded_lines": [], "start_line": 382}, "parse_pagination_params": {"executed_lines": [], "summary": {"covered_lines": 0, "num_statements": 5, "percent_covered": 0.0, "percent_covered_display": "0.00", "missing_lines": 5, "excluded_lines": 0, "percent_statements_covered": 0.0, "percent_statements_covered_display": "0.00"}, "missing_lines": [432, 433, 435, 436, 438], "excluded_lines": [], "start_line": 415}, "create_pagination_response": {"executed_lines": [], "summary": {"covered_lines": 0, "num_statements": 2, "percent_covered": 0.0, "percent_covered_display": "0.00", "missing_lines": 2, "excluded_lines": 0, "percent_statements_covered": 0.0, "percent_statements_covered_display": "0.00"}, "missing_lines": [459, 461], "excluded_lines": [], "start_line": 441}, "": {"executed_lines": [], "summary": {"covered_lines": 0, "num_statements": 25, "percent_covered": 0.0, "percent_covered_display": "0.00", "missing_lines": 25, "excluded_lines": 0, "percent_statements_covered": 0.0, "percent_statements_covered_display": "0.00"}, "missing_lines": [2, 3, 15, 16, 17, 18, 19, 20, 22, 23, 25, 27, 34, 37, 38, 62, 63, 96, 179, 232, 316, 359, 382, 415, 441], "excluded_lines": [], "start_line": 1}}, "classes": {"APIResponse": {"executed_lines": [], "summary": {"covered_lines": 0, "num_statements": 5, "percent_covered": 0.0, "percent_covered_display": "0.00", "missing_lines": 5, "excluded_lines": 0, "percent_statements_covered": 0.0, "percent_statements_covered_display": "0.00"}, "missing_lines": [54, 79, 86, 87, 89], "excluded_lines": [], "start_line": 34}, "": {"executed_lines": [], "summary": {"covered_lines": 0, "num_statements": 136, "percent_covered": 0.0, "percent_covered_display": "0.00", "missing_lines": 136, "excluded_lines": 0, "percent_statements_covered": 0.0, "percent_statements_covered_display": "0.00"}, "missing_lines": [2, 3, 15, 16, 17, 18, 19, 20, 22, 23, 25, 27, 34, 37, 38, 62, 63, 96, 112, 113, 114, 115, 116, 117, 118, 119, 121, 122, 128, 129, 134, 139, 140, 141, 142, 143, 144, 145, 147, 148, 154, 155, 160, 166, 167, 168, 170, 172, 179, 193, 194, 195, 197, 198, 199, 200, 201, 205, 207, 208, 209, 210, 211, 212, 213, 217, 219, 220, 221, 223, 225, 232, 246, 247, 248, 249, 251, 252, 253, 255, 258, 259, 260, 261, 265, 267, 270, 271, 275, 276, 277, 279, 280, 281, 283, 286, 287, 288, 289, 293, 295, 298, 299, 303, 304, 305, 307, 309, 316, 330, 331, 334, 335, 336, 338, 346, 347, 349, 359, 372, 382, 393, 396, 397, 400, 403, 408, 415, 432, 433, 435, 436, 438, 441, 459, 461], "excluded_lines": [], "start_line": 1}}}, "core/utils/async_file_utils.py": {"executed_lines": [], "summary": {"covered_lines": 0, "num_statements": 200, "percent_covered": 0.0, "percent_covered_display": "0.00", "missing_lines": 200, "excluded_lines": 0, "percent_statements_covered": 0.0, "percent_statements_covered_display": "0.00"}, "missing_lines": [2, 3, 14, 15, 16, 17, 19, 21, 24, 27, 28, 42, 44, 45, 46, 48, 49, 51, 52, 70, 73, 75, 76, 77, 78, 80, 81, 82, 84, 85, 96, 98, 99, 100, 101, 102, 103, 104, 106, 108, 109, 120, 122, 124, 125, 126, 127, 128, 130, 132, 133, 147, 149, 151, 152, 153, 154, 156, 157, 158, 160, 161, 175, 176, 178, 180, 181, 182, 183, 184, 185, 186, 187, 189, 191, 192, 203, 204, 206, 207, 209, 210, 211, 212, 213, 215, 216, 226, 228, 229, 230, 231, 232, 233, 234, 235, 237, 238, 248, 249, 251, 252, 262, 264, 265, 266, 267, 269, 270, 284, 286, 288, 289, 290, 291, 292, 293, 295, 297, 298, 312, 314, 317, 320, 322, 323, 333, 335, 336, 337, 338, 339, 340, 342, 343, 356, 358, 359, 360, 361, 362, 363, 364, 365, 366, 367, 369, 370, 372, 373, 386, 388, 391, 392, 393, 394, 395, 396, 397, 398, 399, 401, 402, 405, 408, 415, 417, 432, 435, 438, 439, 441, 443, 462, 464, 465, 466, 467, 470, 471, 472, 473, 476, 478, 480, 481, 482, 483, 485, 486, 490, 492, 495, 497, 500, 502, 505, 507, 510, 512], "excluded_lines": [], "functions": {"AsyncFileOperations.read_file": {"executed_lines": [], "summary": {"covered_lines": 0, "num_statements": 6, "percent_covered": 0.0, "percent_covered_display": "0.00", "missing_lines": 6, "excluded_lines": 0, "percent_statements_covered": 0.0, "percent_statements_covered_display": "0.00"}, "missing_lines": [42, 44, 45, 46, 48, 49], "excluded_lines": [], "start_line": 28}, "AsyncFileOperations.write_file": {"executed_lines": [], "summary": {"covered_lines": 0, "num_statements": 9, "percent_covered": 0.0, "percent_covered_display": "0.00", "missing_lines": 9, "excluded_lines": 0, "percent_statements_covered": 0.0, "percent_statements_covered_display": "0.00"}, "missing_lines": [70, 73, 75, 76, 77, 78, 80, 81, 82], "excluded_lines": [], "start_line": 52}, "AsyncFileOperations.read_chunks": {"executed_lines": [], "summary": {"covered_lines": 0, "num_statements": 9, "percent_covered": 0.0, "percent_covered_display": "0.00", "missing_lines": 9, "excluded_lines": 0, "percent_statements_covered": 0.0, "percent_statements_covered_display": "0.00"}, "missing_lines": [96, 98, 99, 100, 101, 102, 103, 104, 106], "excluded_lines": [], "start_line": 85}, "AsyncFileOperations.write_chunks": {"executed_lines": [], "summary": {"covered_lines": 0, "num_statements": 8, "percent_covered": 0.0, "percent_covered_display": "0.00", "missing_lines": 8, "excluded_lines": 0, "percent_statements_covered": 0.0, "percent_statements_covered_display": "0.00"}, "missing_lines": [120, 122, 124, 125, 126, 127, 128, 130], "excluded_lines": [], "start_line": 109}, "AsyncFileOperations.append_file": {"executed_lines": [], "summary": {"covered_lines": 0, "num_statements": 9, "percent_covered": 0.0, "percent_covered_display": "0.00", "missing_lines": 9, "excluded_lines": 0, "percent_statements_covered": 0.0, "percent_statements_covered_display": "0.00"}, "missing_lines": [147, 149, 151, 152, 153, 154, 156, 157, 158], "excluded_lines": [], "start_line": 133}, "AsyncFileOperations.copy_file": {"executed_lines": [], "summary": {"covered_lines": 0, "num_statements": 12, "percent_covered": 0.0, "percent_covered_display": "0.00", "missing_lines": 12, "excluded_lines": 0, "percent_statements_covered": 0.0, "percent_statements_covered_display": "0.00"}, "missing_lines": [175, 176, 178, 180, 181, 182, 183, 184, 185, 186, 187, 189], "excluded_lines": [], "start_line": 161}, "AsyncFileOperations.move_file": {"executed_lines": [], "summary": {"covered_lines": 0, "num_statements": 9, "percent_covered": 0.0, "percent_covered_display": "0.00", "missing_lines": 9, "excluded_lines": 0, "percent_statements_covered": 0.0, "percent_statements_covered_display": "0.00"}, "missing_lines": [203, 204, 206, 207, 209, 210, 211, 212, 213], "excluded_lines": [], "start_line": 192}, "AsyncFileOperations.delete_file": {"executed_lines": [], "summary": {"covered_lines": 0, "num_statements": 9, "percent_covered": 0.0, "percent_covered_display": "0.00", "missing_lines": 9, "excluded_lines": 0, "percent_statements_covered": 0.0, "percent_statements_covered_display": "0.00"}, "missing_lines": [226, 228, 229, 230, 231, 232, 233, 234, 235], "excluded_lines": [], "start_line": 216}, "AsyncFileOperations.file_exists": {"executed_lines": [], "summary": {"covered_lines": 0, "num_statements": 2, "percent_covered": 0.0, "percent_covered_display": "0.00", "missing_lines": 2, "excluded_lines": 0, "percent_statements_covered": 0.0, "percent_statements_covered_display": "0.00"}, "missing_lines": [248, 249], "excluded_lines": [], "start_line": 238}, "AsyncFileOperations.get_file_size": {"executed_lines": [], "summary": {"covered_lines": 0, "num_statements": 5, "percent_covered": 0.0, "percent_covered_display": "0.00", "missing_lines": 5, "excluded_lines": 0, "percent_statements_covered": 0.0, "percent_statements_covered_display": "0.00"}, "missing_lines": [262, 264, 265, 266, 267], "excluded_lines": [], "start_line": 252}, "AsyncFileOperations.calculate_hash": {"executed_lines": [], "summary": {"covered_lines": 0, "num_statements": 9, "percent_covered": 0.0, "percent_covered_display": "0.00", "missing_lines": 9, "excluded_lines": 0, "percent_statements_covered": 0.0, "percent_statements_covered_display": "0.00"}, "missing_lines": [284, 286, 288, 289, 290, 291, 292, 293, 295], "excluded_lines": [], "start_line": 270}, "AsyncFileOperations.list_files": {"executed_lines": [], "summary": {"covered_lines": 0, "num_statements": 4, "percent_covered": 0.0, "percent_covered_display": "0.00", "missing_lines": 4, "excluded_lines": 0, "percent_statements_covered": 0.0, "percent_statements_covered_display": "0.00"}, "missing_lines": [312, 314, 317, 320], "excluded_lines": [], "start_line": 298}, "AsyncFileOperations.create_directory": {"executed_lines": [], "summary": {"covered_lines": 0, "num_statements": 7, "percent_covered": 0.0, "percent_covered_display": "0.00", "missing_lines": 7, "excluded_lines": 0, "percent_statements_covered": 0.0, "percent_statements_covered_display": "0.00"}, "missing_lines": [333, 335, 336, 337, 338, 339, 340], "excluded_lines": [], "start_line": 323}, "AsyncFileOperations.batch_read": {"executed_lines": [], "summary": {"covered_lines": 0, "num_statements": 4, "percent_covered": 0.0, "percent_covered_display": "0.00", "missing_lines": 4, "excluded_lines": 0, "percent_statements_covered": 0.0, "percent_statements_covered_display": "0.00"}, "missing_lines": [356, 358, 369, 370], "excluded_lines": [], "start_line": 343}, "AsyncFileOperations.batch_read.read_with_semaphore": {"executed_lines": [], "summary": {"covered_lines": 0, "num_statements": 9, "percent_covered": 0.0, "percent_covered_display": "0.00", "missing_lines": 9, "excluded_lines": 0, "percent_statements_covered": 0.0, "percent_statements_covered_display": "0.00"}, "missing_lines": [359, 360, 361, 362, 363, 364, 365, 366, 367], "excluded_lines": [], "start_line": 358}, "AsyncFileOperations.batch_write": {"executed_lines": [], "summary": {"covered_lines": 0, "num_statements": 4, "percent_covered": 0.0, "percent_covered_display": "0.00", "missing_lines": 4, "excluded_lines": 0, "percent_statements_covered": 0.0, "percent_statements_covered_display": "0.00"}, "missing_lines": [386, 388, 401, 402], "excluded_lines": [], "start_line": 373}, "AsyncFileOperations.batch_write.write_with_semaphore": {"executed_lines": [], "summary": {"covered_lines": 0, "num_statements": 9, "percent_covered": 0.0, "percent_covered_display": "0.00", "missing_lines": 9, "excluded_lines": 0, "percent_statements_covered": 0.0, "percent_statements_covered_display": "0.00"}, "missing_lines": [391, 392, 393, 394, 395, 396, 397, 398, 399], "excluded_lines": [], "start_line": 388}, "AsyncFileProcessor.__init__": {"executed_lines": [], "summary": {"covered_lines": 0, "num_statements": 1, "percent_covered": 0.0, "percent_covered_display": "0.00", "missing_lines": 1, "excluded_lines": 0, "percent_statements_covered": 0.0, "percent_statements_covered_display": "0.00"}, "missing_lines": [415], "excluded_lines": [], "start_line": 408}, "AsyncFileProcessor.process_file": {"executed_lines": [], "summary": {"covered_lines": 0, "num_statements": 5, "percent_covered": 0.0, "percent_covered_display": "0.00", "missing_lines": 5, "excluded_lines": 0, "percent_statements_covered": 0.0, "percent_statements_covered_display": "0.00"}, "missing_lines": [432, 435, 438, 439, 441], "excluded_lines": [], "start_line": 417}, "AsyncFileProcessor.batch_process": {"executed_lines": [], "summary": {"covered_lines": 0, "num_statements": 4, "percent_covered": 0.0, "percent_covered_display": "0.00", "missing_lines": 4, "excluded_lines": 0, "percent_statements_covered": 0.0, "percent_statements_covered_display": "0.00"}, "missing_lines": [462, 464, 485, 486], "excluded_lines": [], "start_line": 443}, "AsyncFileProcessor.batch_process.process_with_semaphore": {"executed_lines": [], "summary": {"covered_lines": 0, "num_statements": 13, "percent_covered": 0.0, "percent_covered_display": "0.00", "missing_lines": 13, "excluded_lines": 0, "percent_statements_covered": 0.0, "percent_statements_covered_display": "0.00"}, "missing_lines": [465, 466, 467, 470, 471, 472, 473, 476, 478, 480, 481, 482, 483], "excluded_lines": [], "start_line": 464}, "read_file": {"executed_lines": [], "summary": {"covered_lines": 0, "num_statements": 1, "percent_covered": 0.0, "percent_covered_display": "0.00", "missing_lines": 1, "excluded_lines": 0, "percent_statements_covered": 0.0, "percent_statements_covered_display": "0.00"}, "missing_lines": [492], "excluded_lines": [], "start_line": 490}, "write_file": {"executed_lines": [], "summary": {"covered_lines": 0, "num_statements": 1, "percent_covered": 0.0, "percent_covered_display": "0.00", "missing_lines": 1, "excluded_lines": 0, "percent_statements_covered": 0.0, "percent_statements_covered_display": "0.00"}, "missing_lines": [497], "excluded_lines": [], "start_line": 495}, "copy_file": {"executed_lines": [], "summary": {"covered_lines": 0, "num_statements": 1, "percent_covered": 0.0, "percent_covered_display": "0.00", "missing_lines": 1, "excluded_lines": 0, "percent_statements_covered": 0.0, "percent_statements_covered_display": "0.00"}, "missing_lines": [502], "excluded_lines": [], "start_line": 500}, "delete_file": {"executed_lines": [], "summary": {"covered_lines": 0, "num_statements": 1, "percent_covered": 0.0, "percent_covered_display": "0.00", "missing_lines": 1, "excluded_lines": 0, "percent_statements_covered": 0.0, "percent_statements_covered_display": "0.00"}, "missing_lines": [507], "excluded_lines": [], "start_line": 505}, "calculate_hash": {"executed_lines": [], "summary": {"covered_lines": 0, "num_statements": 1, "percent_covered": 0.0, "percent_covered_display": "0.00", "missing_lines": 1, "excluded_lines": 0, "percent_statements_covered": 0.0, "percent_statements_covered_display": "0.00"}, "missing_lines": [512], "excluded_lines": [], "start_line": 510}, "": {"executed_lines": [], "summary": {"covered_lines": 0, "num_statements": 48, "percent_covered": 0.0, "percent_covered_display": "0.00", "missing_lines": 48, "excluded_lines": 0, "percent_statements_covered": 0.0, "percent_statements_covered_display": "0.00"}, "missing_lines": [2, 3, 14, 15, 16, 17, 19, 21, 24, 27, 28, 51, 52, 84, 85, 108, 109, 132, 133, 160, 161, 191, 192, 215, 216, 237, 238, 251, 252, 269, 270, 297, 298, 322, 323, 342, 343, 372, 373, 405, 408, 417, 443, 490, 495, 500, 505, 510], "excluded_lines": [], "start_line": 1}}, "classes": {"AsyncFileOperations": {"executed_lines": [], "summary": {"covered_lines": 0, "num_statements": 124, "percent_covered": 0.0, "percent_covered_display": "0.00", "missing_lines": 124, "excluded_lines": 0, "percent_statements_covered": 0.0, "percent_statements_covered_display": "0.00"}, "missing_lines": [42, 44, 45, 46, 48, 49, 70, 73, 75, 76, 77, 78, 80, 81, 82, 96, 98, 99, 100, 101, 102, 103, 104, 106, 120, 122, 124, 125, 126, 127, 128, 130, 147, 149, 151, 152, 153, 154, 156, 157, 158, 175, 176, 178, 180, 181, 182, 183, 184, 185, 186, 187, 189, 203, 204, 206, 207, 209, 210, 211, 212, 213, 226, 228, 229, 230, 231, 232, 233, 234, 235, 248, 249, 262, 264, 265, 266, 267, 284, 286, 288, 289, 290, 291, 292, 293, 295, 312, 314, 317, 320, 333, 335, 336, 337, 338, 339, 340, 356, 358, 359, 360, 361, 362, 363, 364, 365, 366, 367, 369, 370, 386, 388, 391, 392, 393, 394, 395, 396, 397, 398, 399, 401, 402], "excluded_lines": [], "start_line": 24}, "AsyncFileProcessor": {"executed_lines": [], "summary": {"covered_lines": 0, "num_statements": 23, "percent_covered": 0.0, "percent_covered_display": "0.00", "missing_lines": 23, "excluded_lines": 0, "percent_statements_covered": 0.0, "percent_statements_covered_display": "0.00"}, "missing_lines": [415, 432, 435, 438, 439, 441, 462, 464, 465, 466, 467, 470, 471, 472, 473, 476, 478, 480, 481, 482, 483, 485, 486], "excluded_lines": [], "start_line": 405}, "": {"executed_lines": [], "summary": {"covered_lines": 0, "num_statements": 53, "percent_covered": 0.0, "percent_covered_display": "0.00", "missing_lines": 53, "excluded_lines": 0, "percent_statements_covered": 0.0, "percent_statements_covered_display": "0.00"}, "missing_lines": [2, 3, 14, 15, 16, 17, 19, 21, 24, 27, 28, 51, 52, 84, 85, 108, 109, 132, 133, 160, 161, 191, 192, 215, 216, 237, 238, 251, 252, 269, 270, 297, 298, 322, 323, 342, 343, 372, 373, 405, 408, 417, 443, 490, 492, 495, 497, 500, 502, 505, 507, 510, 512], "excluded_lines": [], "start_line": 1}}}, "core/utils/backup_manager.py": {"executed_lines": [], "summary": {"covered_lines": 0, "num_statements": 119, "percent_covered": 0.0, "percent_covered_display": "0.00", "missing_lines": 119, "excluded_lines": 4, "percent_statements_covered": 0.0, "percent_statements_covered_display": "0.00"}, "missing_lines": [2, 3, 14, 15, 16, 17, 18, 19, 21, 23, 25, 28, 31, 38, 39, 41, 42, 43, 45, 47, 48, 49, 50, 51, 52, 54, 56, 62, 69, 70, 72, 84, 85, 86, 89, 90, 92, 93, 94, 96, 98, 109, 110, 111, 114, 115, 116, 119, 120, 121, 123, 125, 128, 129, 130, 131, 132, 134, 145, 146, 147, 150, 151, 152, 155, 156, 157, 158, 159, 160, 161, 162, 164, 172, 173, 176, 177, 179, 182, 185, 186, 187, 188, 189, 190, 191, 192, 194, 195, 197, 204, 211, 212, 213, 214, 215, 217, 226, 228, 230, 232, 234, 235, 236, 237, 238, 239, 241, 242, 243, 244, 245, 246, 248, 252, 255, 258, 259, 260], "excluded_lines": [263, 265, 266, 267], "functions": {"BackupManager.__init__": {"executed_lines": [], "summary": {"covered_lines": 0, "num_statements": 5, "percent_covered": 0.0, "percent_covered_display": "0.00", "missing_lines": 5, "excluded_lines": 0, "percent_statements_covered": 0.0, "percent_statements_covered_display": "0.00"}, "missing_lines": [38, 39, 41, 42, 43], "excluded_lines": [], "start_line": 31}, "BackupManager._load_config": {"executed_lines": [], "summary": {"covered_lines": 0, "num_statements": 6, "percent_covered": 0.0, "percent_covered_display": "0.00", "missing_lines": 6, "excluded_lines": 0, "percent_statements_covered": 0.0, "percent_statements_covered_display": "0.00"}, "missing_lines": [47, 48, 49, 50, 51, 52], "excluded_lines": [], "start_line": 45}, "BackupManager._get_default_config": {"executed_lines": [], "summary": {"covered_lines": 0, "num_statements": 1, "percent_covered": 0.0, "percent_covered_display": "0.00", "missing_lines": 1, "excluded_lines": 0, "percent_statements_covered": 0.0, "percent_statements_covered_display": "0.00"}, "missing_lines": [56], "excluded_lines": [], "start_line": 54}, "BackupManager.check_external_disk": {"executed_lines": [], "summary": {"covered_lines": 0, "num_statements": 2, "percent_covered": 0.0, "percent_covered_display": "0.00", "missing_lines": 2, "excluded_lines": 0, "percent_statements_covered": 0.0, "percent_statements_covered_display": "0.00"}, "missing_lines": [69, 70], "excluded_lines": [], "start_line": 62}, "BackupManager.get_backup_path": {"executed_lines": [], "summary": {"covered_lines": 0, "num_statements": 9, "percent_covered": 0.0, "percent_covered_display": "0.00", "missing_lines": 9, "excluded_lines": 0, "percent_statements_covered": 0.0, "percent_statements_covered_display": "0.00"}, "missing_lines": [84, 85, 86, 89, 90, 92, 93, 94, 96], "excluded_lines": [], "start_line": 72}, "BackupManager.backup_directory": {"executed_lines": [], "summary": {"covered_lines": 0, "num_statements": 16, "percent_covered": 0.0, "percent_covered_display": "0.00", "missing_lines": 16, "excluded_lines": 0, "percent_statements_covered": 0.0, "percent_statements_covered_display": "0.00"}, "missing_lines": [109, 110, 111, 114, 115, 116, 119, 120, 121, 123, 125, 128, 129, 130, 131, 132], "excluded_lines": [], "start_line": 98}, "BackupManager.backup_file": {"executed_lines": [], "summary": {"covered_lines": 0, "num_statements": 14, "percent_covered": 0.0, "percent_covered_display": "0.00", "missing_lines": 14, "excluded_lines": 0, "percent_statements_covered": 0.0, "percent_statements_covered_display": "0.00"}, "missing_lines": [145, 146, 147, 150, 151, 152, 155, 156, 157, 158, 159, 160, 161, 162], "excluded_lines": [], "start_line": 134}, "BackupManager.cleanup_old_backups": {"executed_lines": [], "summary": {"covered_lines": 0, "num_statements": 16, "percent_covered": 0.0, "percent_covered_display": "0.00", "missing_lines": 16, "excluded_lines": 0, "percent_statements_covered": 0.0, "percent_statements_covered_display": "0.00"}, "missing_lines": [172, 173, 176, 177, 179, 182, 185, 186, 187, 188, 189, 190, 191, 192, 194, 195], "excluded_lines": [], "start_line": 164}, "BackupManager.get_backup_info": {"executed_lines": [], "summary": {"covered_lines": 0, "num_statements": 9, "percent_covered": 0.0, "percent_covered_display": "0.00", "missing_lines": 9, "excluded_lines": 0, "percent_statements_covered": 0.0, "percent_statements_covered_display": "0.00"}, "missing_lines": [204, 211, 212, 213, 214, 215, 217, 226, 228], "excluded_lines": [], "start_line": 197}, "BackupManager.print_backup_summary": {"executed_lines": [], "summary": {"covered_lines": 0, "num_statements
[...]
79], "excluded_lines": [], "start_line": 252}, "": {"executed_lines": [], "summary": {"covered_lines": 0, "num_statements": 24, "percent_covered": 0.0, "percent_covered_display": "0.00", "missing_lines": 24, "excluded_lines": 0, "percent_statements_covered": 0.0, "percent_statements_covered_display": "0.00"}, "missing_lines": [2, 3, 15, 16, 17, 18, 19, 20, 22, 24, 27, 30, 37, 40, 67, 88, 156, 222, 252, 283, 284, 285, 286, 289], "excluded_lines": [], "start_line": 1}}, "classes": {"RetryExhaustedError": {"executed_lines": [], "summary": {"covered_lines": 0, "num_statements": 4, "percent_covered": 0.0, "percent_covered_display": "0.00", "missing_lines": 4, "excluded_lines": 0, "percent_statements_covered": 0.0, "percent_statements_covered_display": "0.00"}, "missing_lines": [31, 32, 33, 34], "excluded_lines": [], "start_line": 27}, "RetryConfig": {"executed_lines": [], "summary": {"covered_lines": 0, "num_statements": 11, "percent_covered": 0.0, "percent_covered_display": "0.00", "missing_lines": 11, "excluded_lines": 0, "percent_statements_covered": 0.0, "percent_statements_covered_display": "0.00"}, "missing_lines": [60, 61, 62, 63, 64, 65, 78, 81, 82, 83, 85], "excluded_lines": [], "start_line": 37}, "": {"executed_lines": [], "summary": {"covered_lines": 0, "num_statements": 95, "percent_covered": 0.0, "percent_covered_display": "0.00", "missing_lines": 95, "excluded_lines": 0, "percent_statements_covered": 0.0, "percent_statements_covered_display": "0.00"}, "missing_lines": [2, 3, 15, 16, 17, 18, 19, 20, 22, 24, 27, 30, 37, 40, 67, 88, 104, 105, 107, 108, 109, 110, 111, 113, 114, 115, 116, 117, 119, 120, 121, 123, 124, 127, 130, 131, 137, 138, 139, 140, 141, 144, 146, 149, 151, 153, 156, 172, 173, 175, 176, 177, 178, 179, 181, 182, 183, 184, 185, 187, 188, 189, 191, 192, 195, 198, 199, 205, 206, 207, 208, 209, 212, 215, 217, 219, 222, 244, 245, 246, 247, 248, 249, 252, 274, 275, 276, 277, 278, 279, 283, 284, 285, 286, 289], "excluded_lines": [], "start_line": 1}}}, "core/utils/safe_evaluator.py": {"executed_lines": [1, 2, 8, 9, 10, 11, 14, 21, 48, 67, 80, 81, 82, 84, 112, 236, 253, 256, 283], "summary": {"covered_lines": 19, "num_statements": 102, "percent_covered": 18.627450980392158, "percent_covered_display": "18.63", "missing_lines": 83, "excluded_lines": 0, "percent_statements_covered": 18.627450980392158, "percent_statements_covered_display": "18.63"}, "missing_lines": [101, 102, 104, 105, 106, 107, 108, 109, 110, 132, 133, 136, 137, 140, 141, 142, 143, 144, 146, 149, 150, 151, 152, 153, 154, 157, 158, 159, 160, 161, 162, 163, 166, 167, 168, 169, 170, 171, 172, 173, 175, 176, 177, 179, 180, 183, 184, 185, 186, 187, 188, 189, 190, 193, 194, 195, 198, 199, 202, 203, 205, 208, 209, 210, 211, 212, 213, 216, 217, 223, 224, 225, 226, 229, 230, 234, 245, 246, 247, 248, 249, 280, 292], "excluded_lines": [], "functions": {"SafeExpressionEvaluator.__init__": {"executed_lines": [80, 81, 82], "summary": {"covered_lines": 3, "num_statements": 3, "percent_covered": 100.0, "percent_covered_display": "100.00", "missing_lines": 0, "excluded_lines": 0, "percent_statements_covered": 100.0, "percent_statements_covered_display": "100.00"}, "missing_lines": [], "excluded_lines": [], "start_line": 67}, "SafeExpressionEvaluator.evaluate": {"executed_lines": [], "summary": {"covered_lines": 0, "num_statements": 9, "percent_covered": 0.0, "percent_covered_display": "0.00", "missing_lines": 9, "excluded_lines": 0, "percent_statements_covered": 0.0, "percent_statements_covered_display": "0.00"}, "missing_lines": [101, 102, 104, 105, 106, 107, 108, 109, 110], "excluded_lines": [], "start_line": 84}, "SafeExpressionEvaluator._eval_node": {"executed_lines": [], "summary": {"covered_lines": 0, "num_statements": 67, "percent_covered": 0.0, "percent_covered_display": "0.00", "missing_lines": 67, "excluded_lines": 0, "percent_statements_covered": 0.0, "percent_statements_covered_display": "0.00"}, "missing_lines": [132, 133, 136, 137, 140, 141, 142, 143, 144, 146, 149, 150, 151, 152, 153, 154, 157, 158, 159, 160, 161, 162, 163, 166, 167, 168, 169, 170, 171, 172, 173, 175, 176, 177, 179, 180, 183, 184, 185, 186, 187, 188, 189, 190, 193, 194, 195, 198, 199, 202, 203, 205, 208, 209, 210, 211, 212, 213, 216, 217, 223, 224, 225, 226, 229, 230, 234], "excluded_lines": [], "start_line": 112}, "SafeExpressionEvaluator.is_safe_expression": {"executed_lines": [], "summary": {"covered_lines": 0, "num_statements": 5, "percent_covered": 0.0, "percent_covered_display": "0.00", "missing_lines": 5, "excluded_lines": 0, "percent_statements_covered": 0.0, "percent_statements_covered_display": "0.00"}, "missing_lines": [245, 246, 247, 248, 249], "excluded_lines": [], "start_line": 236}, "safe_eval": {"executed_lines": [], "summary": {"covered_lines": 0, "num_statements": 1, "percent_covered": 0.0, "percent_covered_display": "0.00", "missing_lines": 1, "excluded_lines": 0, "percent_statements_covered": 0.0, "percent_statements_covered_display": "0.00"}, "missing_lines": [280], "excluded_lines": [], "start_line": 256}, "is_safe_expression": {"executed_lines": [], "summary": {"covered_lines": 0, "num_statements": 1, "percent_covered": 0.0, "percent_covered_display": "0.00", "missing_lines": 1, "excluded_lines": 0, "percent_statements_covered": 0.0, "percent_statements_covered_display": "0.00"}, "missing_lines": [292], "excluded_lines": [], "start_line": 283}, "": {"executed_lines": [1, 2, 8, 9, 10, 11, 14, 21, 48, 67, 84, 112, 236, 253, 256, 283], "summary": {"covered_lines": 16, "num_statements": 16, "percent_covered": 100.0, "percent_covered_display": "100.00", "missing_lines": 0, "excluded_lines": 0, "percent_statements_covered": 100.0, "percent_statements_covered_display": "100.00"}, "missing_lines": [], "excluded_lines": [], "start_line": 1}}, "classes": {"SafeExpressionEvaluator": {"executed_lines": [80, 81, 82], "summary": {"covered_lines": 3, "num_statements": 84, "percent_covered": 3.5714285714285716, "percent_covered_display": "3.57", "missing_lines": 81, "excluded_lines": 0, "percent_statements_covered": 3.5714285714285716, "percent_statements_covered_display": "3.57"}, "missing_lines": [101, 102, 104, 105, 106, 107, 108, 109, 110, 132, 133, 136, 137, 140, 141, 142, 143, 144, 146, 149, 150, 151, 152, 153, 154, 157, 158, 159, 160, 161, 162, 163, 166, 167, 168, 169, 170, 171, 172, 173, 175, 176, 177, 179, 180, 183, 184, 185, 186, 187, 188, 189, 190, 193, 194, 195, 198, 199, 202, 203, 205, 208, 209, 210, 211, 212, 213, 216, 217, 223, 224, 225, 226, 229, 230, 234, 245, 246, 247, 248, 249], "excluded_lines": [], "start_line": 14}, "": {"executed_lines": [1, 2, 8, 9, 10, 11, 14, 21, 48, 67, 84, 112, 236, 253, 256, 283], "summary": {"covered_lines": 16, "num_statements": 18, "percent_covered": 88.88888888888889, "percent_covered_display": "88.89", "missing_lines": 2, "excluded_lines": 0, "percent_statements_covered": 88.88888888888889, "percent_statements_covered_display": "88.89"}, "missing_lines": [280, 292], "excluded_lines": [], "start_line": 1}}}, "core/utils/task_manager.py": {"executed_lines": [], "summary": {"covered_lines": 0, "num_statements": 132, "percent_covered": 0.0, "percent_covered_display": "0.00", "missing_lines": 132, "excluded_lines": 3, "percent_statements_covered": 0.0, "percent_statements_covered_display": "0.00"}, "missing_lines": [2, 3, 20, 21, 22, 23, 24, 25, 26, 28, 31, 34, 35, 36, 37, 38, 41, 42, 45, 46, 47, 48, 49, 50, 51, 52, 53, 56, 67, 74, 75, 76, 77, 79, 81, 83, 84, 86, 88, 89, 90, 92, 109, 110, 112, 113, 114, 117, 120, 123, 124, 125, 126, 129, 131, 132, 134, 142, 143, 144, 145, 146, 147, 148, 149, 150, 151, 152, 155, 156, 158, 161, 162, 164, 166, 176, 177, 178, 179, 180, 182, 183, 184, 185, 187, 188, 189, 191, 193, 194, 200, 201, 202, 204, 206, 207, 208, 211, 212, 213, 215, 217, 227, 229, 236, 242, 249, 251, 258, 260, 261, 263, 265, 272, 279, 281, 290, 293, 294, 295, 296, 298, 306, 309, 319, 320, 321, 324, 326, 327, 328, 329], "excluded_lines": [300, 301, 302], "functions": {"TaskManager.__init__": {"executed_lines": [], "summary": {"covered_lines": 0, "num_statements": 5, "percent_covered": 0.0, "percent_covered_display": "0.00", "missing_lines": 5, "excluded_lines": 0, "percent_statements_covered": 0.0, "percent_statements_covered_display": "0.00"}, "missing_lines": [74, 75, 76, 77, 79], "excluded_lines": [], "start_line": 67}, "TaskManager.start": {"executed_lines": [], "summary": {"covered_lines": 0, "num_statements": 2, "percent_covered": 0.0, "percent_covered_display": "0.00", "missing_lines": 2, "excluded_lines": 0, "percent_statements_covered": 0.0, "percent_statements_covered_display": "0.00"}, "missing_lines": [83, 84], "excluded_lines": [], "start_line": 81}, "TaskManager.stop": {"executed_lines": [], "summary": {"covered_lines": 0, "num_statements": 3, "percent_covered": 0.0, "percent_covered_display": "0.00", "missing_lines": 3, "excluded_lines": 0, "percent_statements_covered": 0.0, "percent_statements_covered_display": "0.00"}, "missing_lines": [88, 89, 90], "excluded_lines": [], "start_line": 86}, "TaskManager.create_task": {"executed_lines": [], "summary": {"covered_lines": 0, "num_statements": 14, "percent_covered": 0.0, "percent_covered_display": "0.00", "missing_lines": 14, "excluded_lines": 0, "percent_statements_covered": 0.0, "percent_statements_covered_display": "0.00"}, "missing_lines": [109, 110, 112, 113, 114, 117, 120, 123, 124, 125, 126, 129, 131, 132], "excluded_lines": [], "start_line": 92}, "TaskManager._wrap_task": {"executed_lines": [], "summary": {"covered_lines": 0, "num_statements": 17, "percent_covered": 0.0, "percent_covered_display": "0.00", "missing_lines": 17, "excluded_lines": 0, "percent_statements_covered": 0.0, "percent_statements_covered_display": "0.00"}, "missing_lines": [142, 143, 144, 145, 146, 147, 148, 149, 150, 151, 152, 155, 156, 158, 161, 162, 164], "excluded_lines": [], "start_line": 134}, "TaskManager.cancel_task": {"executed_lines": [], "summary": {"covered_lines": 0, "num_statements": 12, "percent_covered": 0.0, "percent_covered_display": "0.00", "missing_lines": 12, "excluded_lines": 0, "percent_statements_covered": 0.0, "percent_statements_covered_display": "0.00"}, "missing_lines": [176, 177, 178, 179, 180, 182, 183, 184, 185, 187, 188, 189], "excluded_lines": [], "start_line": 166}, "TaskManager.cancel_all": {"executed_lines": [], "summary": {"covered_lines": 0, "num_statements": 13, "percent_covered": 0.0, "percent_covered_display": "0.00", "missing_lines": 13, "excluded_lines": 0, "percent_statements_covered": 0.0, "percent_statements_covered_display": "0.00"}, "missing_lines": [193, 194, 200, 201, 202, 204, 206, 207, 208, 211, 212, 213, 215], "excluded_lines": [], "start_line": 191}, "TaskManager.get_task_info": {"executed_lines": [], "summary": {"covered_lines": 0, "num_statements": 1, "percent_covered": 0.0, "percent_covered_display": "0.00", "missing_lines": 1, "excluded_lines": 0, "percent_statements_covered": 0.0, "percent_statements_covered_display": "0.00"}, "missing_lines": [227], "excluded_lines": [], "start_line": 217}, "TaskManager.get_active_tasks": {"executed_lines": [], "summary": {"covered_lines": 0, "num_statements": 1, "percent_covered": 0.0, "percent_covered_display": "0.00", "missing_lines": 1, "excluded_lines": 0, "percent_statements_covered": 0.0, "percent_statements_covered_display": "0.00"}, "missing_lines": [236], "excluded_lines": [], "start_line": 229}, "TaskManager.get_all_tasks": {"executed_lines": [], "summary": {"covered_lines": 0, "num_statements": 1, "percent_covered": 0.0, "percent_covered_display": "0.00", "missing_lines": 1, "excluded_lines": 0, "percent_statements_covered": 0.0, "percent_statements_covered_display": "0.00"}, "missing_lines": [249], "excluded_lines": [], "start_line": 242}, "TaskManager.get_stats": {"executed_lines": [], "summary": {"covered_lines": 0, "num_statements": 5, "percent_covered": 0.0, "percent_covered_display": "0.00", "missing_lines": 5, "excluded_lines": 0, "percent_statements_covered": 0.0, "percent_statements_covered_display": "0.00"}, "missing_lines": [258, 260, 261, 263, 265], "excluded_lines": [], "start_line": 251}, "TaskManager.cleanup": {"executed_lines": [], "summary": {"covered_lines": 0, "num_statements": 8, "percent_covered": 0.0, "percent_covered_display": "0.00", "missing_lines": 8, "excluded_lines": 0, "percent_statements_covered": 0.0, "percent_statements_covered_display": "0.00"}, "missing_lines": [279, 281, 290, 293, 294, 295, 296, 298], "excluded_lines": [], "start_line": 272}, "TaskManager.__repr__": {"executed_lines": [], "summary": {"covered_lines": 0, "num_statements": 0, "percent_covered": 100.0, "percent_covered_display": "100.00", "missing_lines": 0, "excluded_lines": 2, "percent_statements_covered": 100.0, "percent_statements_covered_display": "100.00"}, "missing_lines": [], "excluded_lines": [301, 302], "start_line": 300}, "get_task_manager": {"executed_lines": [], "summary": {"covered_lines": 0, "num_statements": 3, "percent_covered": 0.0, "percent_covered_display": "0.00", "missing_lines": 3, "excluded_lines": 0, "percent_statements_covered": 0.0, "percent_statements_covered_display": "0.00"}, "missing_lines": [319, 320, 321], "excluded_lines": [], "start_line": 309}, "shutdown_all_managers": {"executed_lines": [], "summary": {"covered_lines": 0, "num_statements": 4, "percent_covered": 0.0, "percent_covered_display": "0.00", "missing_lines": 4, "excluded_lines": 0, "percent_statements_covered": 0.0, "percent_statements_covered_display": "0.00"}, "missing_lines": [326, 327, 328, 329], "excluded_lines": [], "start_line": 324}, "": {"executed_lines": [], "summary": {"covered_lines": 0, "num_statements": 43, "percent_covered": 0.0, "percent_covered_display": "0.00", "missing_lines": 43, "excluded_lines": 1, "percent_statements_covered": 0.0, "percent_statements_covered_display": "0.00"}, "missing_lines": [2, 3, 20, 21, 22, 23, 24, 25, 26, 28, 31, 34, 35, 36, 37, 38, 41, 42, 45, 46, 47, 48, 49, 50, 51, 52, 53, 56, 67, 81, 86, 92, 134, 166, 191, 217, 229, 242, 251, 272, 306, 309, 324], "excluded_lines": [300], "start_line": 1}}, "classes": {"TaskStatus": {"executed_lines": [], "summary": {"covered_lines": 0, "num_statements": 0, "percent_covered": 100.0, "percent_covered_display": "100.00", "missing_lines": 0, "excluded_lines": 0, "percent_statements_covered": 100.0, "percent_statements_covered_display": "100.00"}, "missing_lines": [], "excluded_lines": [], "start_line": 31}, "TaskInfo": {"executed_lines": [], "summary": {"covered_lines": 0, "num_statements": 0, "percent_covered": 100.0, "percent_covered_display": "100.00", "missing_lines": 0, "excluded_lines": 0, "percent_statements_covered": 100.0, "percent_statements_covered_display": "100.00"}, "missing_lines": [], "excluded_lines": [], "start_line": 42}, "TaskManager": {"executed_lines": [], "summary": {"covered_lines": 0, "num_statements": 82, "percent_covered": 0.0, "percent_covered_display": "0.00", "missing_lines": 82, "excluded_lines": 2, "percent_statements_covered": 0.0, "percent_statements_covered_display": "0.00"}, "missing_lines": [74, 75, 76, 77, 79, 83, 84, 88, 89, 90, 109, 110, 112, 113, 114, 117, 120, 123, 124, 125, 126, 129, 131, 132, 142, 143, 144, 145, 146, 147, 148, 149, 150, 151, 152, 155, 156, 158, 161, 162, 164, 176, 177, 178, 179, 180, 182, 183, 184, 185, 187, 188, 189, 193, 194, 200, 201, 202, 204, 206, 207, 208, 211, 212, 213, 215, 227, 236, 249, 258, 260, 261, 263, 265, 279, 281, 290, 293, 294, 295, 296, 298], "excluded_lines": [301, 302], "start_line": 56}, "": {"executed_lines": [], "summary": {"covered_lines": 0, "num_statements": 50, "percent_covered": 0.0, "percent_covered_display": "0.00", "missing_lines": 50, "excluded_lines": 1, "percent_statements_covered": 0.0, "percent_statements_covered_display": "0.00"}, "missing_lines": [2, 3, 20, 21, 22, 23, 24, 25, 26, 28, 31, 34, 35, 36, 37, 38, 41, 42, 45, 46, 47, 48, 49, 50, 51, 52, 53, 56, 67, 81, 86, 92, 134, 166, 191, 217, 229, 242, 251, 272, 306, 309, 319, 320, 321, 324, 326, 327, 328, 329], "excluded_lines": [300], "start_line": 1}}}, "core/utils/time_utils.py": {"executed_lines": [], "summary": {"covered_lines": 0, "num_statements": 24, "percent_covered": 0.0, "percent_covered_display": "0.00", "missing_lines": 24, "excluded_lines": 0, "percent_statements_covered": 0.0, "percent_statements_covered_display": "0.00"}, "missing_lines": [2, 3, 7, 8, 10, 13, 15, 18, 20, 23, 25, 26, 27, 28, 29, 32, 34, 37, 39, 42, 44, 47, 49, 52], "excluded_lines": [], "functions": {"now_str": {"executed_lines": [], "summary": {"covered_lines": 0, "num_statements": 1, "percent_covered": 0.0, "percent_covered_display": "0.00", "missing_lines": 1, "excluded_lines": 0, "percent_statements_covered": 0.0, "percent_statements_covered_display": "0.00"}, "missing_lines": [15], "excluded_lines": [], "start_line": 13}, "now_iso": {"executed_lines": [], "summary": {"covered_lines": 0, "num_statements": 1, "percent_covered": 0.0, "percent_covered_display": "0.00", "missing_lines": 1, "excluded_lines": 0, "percent_statements_covered": 0.0, "percent_statements_covered_display": "0.00"}, "missing_lines": [20], "excluded_lines": [], "start_line": 18}, "parse_time": {"executed_lines": [], "summary": {"covered_lines": 0, "num_statements": 5, "percent_covered": 0.0, "percent_covered_display": "0.00", "missing_lines": 5, "excluded_lines": 0, "percent_statements_covered": 0.0, "percent_statements_covered_display": "0.00"}, "missing_lines": [25, 26, 27, 28, 29], "excluded_lines": [], "start_line": 23}, "add_seconds": {"executed_lines": [], "summary": {"covered_lines": 0, "num_statements": 1, "percent_covered": 0.0, "percent_covered_display": "0.00", "missing_lines": 1, "excluded_lines": 0, "percent_statements_covered": 0.0, "percent_statements_covered_display": "0.00"}, "missing_lines": [34], "excluded_lines": [], "start_line": 32}, "add_minutes": {"executed_lines": [], "summary": {"covered_lines": 0, "num_statements": 1, "percent_covered": 0.0, "percent_covered_display": "0.00", "missing_lines": 1, "excluded_lines": 0, "percent_statements_covered": 0.0, "percent_statements_covered_display": "0.00"}, "missing_lines": [39], "excluded_lines": [], "start_line": 37}, "add_hours": {"executed_lines": [], "summary": {"covered_lines": 0, "num_statements": 1, "percent_covered": 0.0, "percent_covered_display": "0.00", "missing_lines": 1, "excluded_lines": 0, "percent_statements_covered": 0.0, "percent_statements_covered_display": "0.00"}, "missing_lines": [44], "excluded_lines": [], "start_line": 42}, "add_days": {"executed_lines": [], "summary": {"covered_lines": 0, "num_statements": 1, "percent_covered": 0.0, "percent_covered_display": "0.00", "missing_lines": 1, "excluded_lines": 0, "percent_statements_covered": 0.0, "percent_statements_covered_display": "0.00"}, "missing_lines": [49], "excluded_lines": [], "start_line": 47}, "": {"executed_lines": [], "summary": {"covered_lines": 0, "num_statements": 13, "percent_covered": 0.0, "percent_covered_display": "0.00", "missing_lines": 13, "excluded_lines": 0, "percent_statements_covered": 0.0, "percent_statements_covered_display": "0.00"}, "missing_lines": [2, 3, 7, 8, 10, 13, 18, 23, 32, 37, 42, 47, 52], "excluded_lines": [], "start_line": 1}}, "classes": {"": {"executed_lines": [], "summary": {"covered_lines": 0, "num_statements": 24, "percent_covered": 0.0, "percent_covered_display": "0.00", "missing_lines": 24, "excluded_lines": 0, "percent_statements_covered": 0.0, "percent_statements_covered_display": "0.00"}, "missing_lines": [2, 3, 7, 8, 10, 13, 15, 18, 20, 23, 25, 26, 27, 28, 29, 32, 34, 37, 39, 42, 44, 47, 49, 52], "excluded_lines": [], "start_line": 1}}}}, "totals": {"covered_lines": 278, "num_statements": 2509, "percent_covered": 11.080111598246313, "percent_covered_display": "11.08", "missing_lines": 2231, "excluded_lines": 70, "percent_statements_covered": 11.080111598246313, "percent_statements_covered_display": "11.08"}}