============================= test session starts ==============================
platform darwin -- Python 3.14.2, pytest-9.0.2, pluggy-1.6.0 -- /opt/homebrew/opt/python@3.14/bin/python3.14
cachedir: .pytest_cache
rootdir: /Users/xujian/Athena工作平台/tests
configfile: pytest.ini
plugins: anyio-4.12.0, langsmith-0.6.4, asyncio-1.3.0, cov-7.0.0
asyncio: mode=Mode.AUTO, debug=False, asyncio_default_fixture_loop_scope=None, asyncio_default_test_loop_scope=function
collecting ... collected 1 item / 1 error

==================================== ERRORS ====================================
_________ ERROR collecting evaluation/test_xiaonuo_feedback_system.py __________
ImportError while importing test module '/Users/xujian/Athena工作平台/tests/evaluation/test_xiaonuo_feedback_system.py'.
Hint: make sure your test modules/packages have valid Python names.
Traceback:
/opt/homebrew/lib/python3.14/site-packages/_pytest/python.py:507: in importtestmodule
    mod = import_path(
/opt/homebrew/lib/python3.14/site-packages/_pytest/pathlib.py:587: in import_path
    importlib.import_module(module_name)
/opt/homebrew/Cellar/python@3.14/3.14.2/Frameworks/Python.framework/Versions/3.14/lib/python3.14/importlib/__init__.py:88: in import_module
    return _bootstrap._gcd_import(name[level:], package, level)
           ^^^^^^^^^^^^^^^^^^^^^^^^^^^^^^^^^^^^^^^^^^^^^^^^^^^^
<frozen importlib._bootstrap>:1398: in _gcd_import
    ???
<frozen importlib._bootstrap>:1371: in _find_and_load
    ???
<frozen importlib._bootstrap>:1342: in _find_and_load_unlocked
    ???
<frozen importlib._bootstrap>:938: in _load_unlocked
    ???
/opt/homebrew/lib/python3.14/site-packages/_pytest/assertion/rewrite.py:197: in exec_module
    exec(co, module.__dict__)
tests/evaluation/test_xiaonuo_feedback_system.py:29: in <module>
    from core.evaluation.xiaonuo_feedback_system import (
core/__init__.py:37: in <module>
    from .perception import PerceptionEngine
core/perception/__init__.py:429: in <module>
    from .adaptive_rate_limiter import (
E   ModuleNotFoundError: No module named 'core.perception.adaptive_rate_limiter'
=========================== short test summary info ============================
ERROR tests/evaluation/test_xiaonuo_feedback_system.py
!!!!!!!!!!!!!!!!!!!! Interrupted: 1 error during collection !!!!!!!!!!!!!!!!!!!!
=============================== 1 error in 0.09s ===============================
